#
# There is insufficient memory for the Java Runtime Environment to continue.
# Native memory allocation (mmap) failed to map 65536 bytes for Failed to commit metaspace.
# Possible reasons:
#   The system is out of physical RAM or swap space
#   The process is running with CompressedOops enabled, and the Java Heap may be blocking the growth of the native heap
# Possible solutions:
#   Reduce memory load on the system
#   Increase physical memory or swap space
#   Check if swap backing store is full
#   Decrease Java heap size (-Xmx/-Xms)
#   Decrease number of Java threads
#   Decrease Java thread stack sizes (-Xss)
#   Set larger code cache with -XX:ReservedCodeCacheSize=
#   JVM is running with Zero Based Compressed Oops mode in which the Java heap is
#     placed in the first 32GB address space. The Java Heap base address is the
#     maximum limit for the native heap growth. Please use -XX:HeapBaseMinAddress
#     to set the Java Heap base and to place the Java Heap above 32GB virtual address.
# This output file may be truncated or incomplete.
#
#  Out of Memory Error (virtualSpaceNode.cpp:112), pid=11284, tid=25644
#
# JRE version: Java(TM) SE Runtime Environment (21.0.5+9) (build 21.0.5+9-LTS-239)
# Java VM: Java HotSpot(TM) 64-Bit Server VM (21.0.5+9-LTS-239, mixed mode, sharing, tiered, compressed oops, compressed class ptrs, g1 gc, windows-amd64)
# No core dump will be written. Minidumps are not enabled by default on client versions of Windows
#

---------------  S U M M A R Y ------------

Command Line: -Dorg.jetbrains.run.directory=C:\2.FIAP\INTELLIJ\micronectar-api-tests\src\test\resources\features -javaagent:C:\Users\victo\AppData\Local\Programs\IntelliJ IDEA Ultimate\lib\idea_rt.jar=60950:C:\Users\victo\AppData\Local\Programs\IntelliJ IDEA Ultimate\bin -Dfile.encoding=UTF-8 -Dsun.stdout.encoding=UTF-8 -Dsun.stderr.encoding=UTF-8 io.cucumber.core.cli.Main --plugin org.jetbrains.plugins.cucumber.java.run.CucumberJvm5SMFormatter --name ^Cadastro de microempreendedor bem\-sucedido$ --glue hooks --glue steps C:/2.FIAP/INTELLIJ/micronectar-api-tests/src/test/resources/features/CadastroUsuario.feature

Host: 11th Gen Intel(R) Core(TM) i5-1135G7 @ 2.40GHz, 8 cores, 15G,  Windows 11 , 64 bit Build 22621 (10.0.22621.5415)
Time: Mon Oct 20 22:42:09 2025 Hora oficial do Brasil elapsed time: 0.513823 seconds (0d 0h 0m 0s)

---------------  T H R E A D  ---------------

Current thread (0x00000183437dfbc0):  JavaThread "C1 CompilerThread0" daemon [_thread_in_vm, id=25644, stack(0x0000006f1af00000,0x0000006f1b000000) (1024K)]


Current CompileTask:
C1:    513 1093       3       jdk.internal.org.objectweb.asm.Frame::merge (395 bytes)

Stack: [0x0000006f1af00000,0x0000006f1b000000]
Native frames: (J=compiled Java code, j=interpreted, Vv=VM code, C=native code)
V  [jvm.dll+0x6ca289]
V  [jvm.dll+0x854a51]
V  [jvm.dll+0x856f7e]
V  [jvm.dll+0x857653]
V  [jvm.dll+0x27dd26]
V  [jvm.dll+0x85066e]
V  [jvm.dll+0x66dfd5]
V  [jvm.dll+0x66e03a]
V  [jvm.dll+0x670855]
V  [jvm.dll+0x670722]
V  [jvm.dll+0x66e9ae]
V  [jvm.dll+0x67ff4a]
V  [jvm.dll+0x679042]
V  [jvm.dll+0x1f1a00]
V  [jvm.dll+0x1f1be8]
V  [jvm.dll+0x152d5e]
V  [jvm.dll+0x1530a4]
V  [jvm.dll+0x1524d6]
V  [jvm.dll+0x1542ad]
V  [jvm.dll+0x2554d9]
V  [jvm.dll+0x253a6a]
V  [jvm.dll+0x3ee136]
V  [jvm.dll+0x7fee9b]
V  [jvm.dll+0x6c896d]
C  [ucrtbase.dll+0x29333]
C  [KERNEL32.DLL+0x1259d]
C  [ntdll.dll+0x5af78]


---------------  P R O C E S S  ---------------

Threads class SMR info:
_java_thread_list=0x000001838908c820, length=13, elements={
0x00000183223f8e10, 0x00000183437b5be0, 0x00000183437b6be0, 0x00000183437b9510,
0x00000183437ba250, 0x00000183437bcfb0, 0x00000183437bf150, 0x00000183437c1360,
0x00000183437dfbc0, 0x00000183439e8970, 0x0000018343ad63c0, 0x000001838908d540,
0x0000018343d1e3e0
}

Java Threads: ( => current thread )
  0x00000183223f8e10 JavaThread "main"                              [_thread_in_vm, id=1316, stack(0x0000006f1a000000,0x0000006f1a100000) (1024K)]
  0x00000183437b5be0 JavaThread "Reference Handler"          daemon [_thread_blocked, id=10764, stack(0x0000006f1a800000,0x0000006f1a900000) (1024K)]
  0x00000183437b6be0 JavaThread "Finalizer"                  daemon [_thread_blocked, id=17640, stack(0x0000006f1a900000,0x0000006f1aa00000) (1024K)]
  0x00000183437b9510 JavaThread "Signal Dispatcher"          daemon [_thread_blocked, id=22000, stack(0x0000006f1aa00000,0x0000006f1ab00000) (1024K)]
  0x00000183437ba250 JavaThread "Attach Listener"            daemon [_thread_blocked, id=7820, stack(0x0000006f1ab00000,0x0000006f1ac00000) (1024K)]
  0x00000183437bcfb0 JavaThread "Service Thread"             daemon [_thread_blocked, id=24348, stack(0x0000006f1ac00000,0x0000006f1ad00000) (1024K)]
  0x00000183437bf150 JavaThread "Monitor Deflation Thread"   daemon [_thread_blocked, id=26004, stack(0x0000006f1ad00000,0x0000006f1ae00000) (1024K)]
  0x00000183437c1360 JavaThread "C2 CompilerThread0"         daemon [_thread_blocked, id=26040, stack(0x0000006f1ae00000,0x0000006f1af00000) (1024K)]
=>0x00000183437dfbc0 JavaThread "C1 CompilerThread0"         daemon [_thread_in_vm, id=25644, stack(0x0000006f1af00000,0x0000006f1b000000) (1024K)]
  0x00000183439e8970 JavaThread "Common-Cleaner"             daemon [_thread_blocked, id=11280, stack(0x0000006f1b000000,0x0000006f1b100000) (1024K)]
  0x0000018343ad63c0 JavaThread "C2 CompilerThread1"         daemon [_thread_blocked, id=13884, stack(0x0000006f1b100000,0x0000006f1b200000) (1024K)]
  0x000001838908d540 JavaThread "Monitor Ctrl-Break"         daemon [_thread_in_native, id=5588, stack(0x0000006f1b200000,0x0000006f1b300000) (1024K)]
  0x0000018343d1e3e0 JavaThread "Notification Thread"        daemon [_thread_blocked, id=26188, stack(0x0000006f1b300000,0x0000006f1b400000) (1024K)]
Total: 13

Other Threads:
  0x0000018343799da0 VMThread "VM Thread"                           [id=6124, stack(0x0000006f1a700000,0x0000006f1a800000) (1024K)]
  0x000001834378a060 WatcherThread "VM Periodic Task Thread"        [id=24096, stack(0x0000006f1a600000,0x0000006f1a700000) (1024K)]
  0x0000018324788280 WorkerThread "GC Thread#0"                     [id=21840, stack(0x0000006f1a100000,0x0000006f1a200000) (1024K)]
  0x0000018324798fd0 ConcurrentGCThread "G1 Main Marker"            [id=14992, stack(0x0000006f1a200000,0x0000006f1a300000) (1024K)]
  0x0000018324799ad0 WorkerThread "G1 Conc#0"                       [id=8020, stack(0x0000006f1a300000,0x0000006f1a400000) (1024K)]
  0x00000183247de960 ConcurrentGCThread "G1 Refine#0"               [id=13784, stack(0x0000006f1a400000,0x0000006f1a500000) (1024K)]
  0x0000018343656b00 ConcurrentGCThread "G1 Service"                [id=5960, stack(0x0000006f1a500000,0x0000006f1a600000) (1024K)]
Total: 7

Threads with active compile tasks:
C1 CompilerThread0      525 1093       3       jdk.internal.org.objectweb.asm.Frame::merge (395 bytes)
Total: 1

VM state: not at safepoint (normal execution)

VM Mutex/Monitor currently owned by a thread:  ([mutex/lock_event])
[0x00007ffd7e9c9e18] Metaspace_lock - owner thread: 0x00000183437dfbc0

Heap address: 0x0000000704400000, size: 4028 MB, Compressed Oops mode: Zero based, Oop shift amount: 3

CDS archive(s) mapped at: [0x0000018344000000-0x0000018344c90000-0x0000018344c90000), size 13172736, SharedBaseAddress: 0x0000018344000000, ArchiveRelocationMode: 1.
Compressed class space mapped at: 0x0000018345000000-0x0000018385000000, reserved size: 1073741824
Narrow klass base: 0x0000018344000000, Narrow klass shift: 0, Narrow klass range: 0x100000000

GC Precious Log:
 CardTable entry size: 512
 Card Set container configuration: InlinePtr #cards 4 size 8 Array Of Cards #cards 16 size 48 Howl #buckets 8 coarsen threshold 3686 Howl Bitmap #cards 512 size 80 coarsen threshold 460 Card regions per heap region 1 cards per card region 4096
 CPUs: 8 total, 8 available
 Memory: 16107M
 Large Page Support: Disabled
 NUMA Support: Disabled
 Compressed Oops: Enabled (Zero based)
 Heap Region Size: 2M
 Heap Min Capacity: 8M
 Heap Initial Capacity: 252M
 Heap Max Capacity: 4028M
 Pre-touch: Disabled
 Parallel Workers: 8
 Concurrent Workers: 2
 Concurrent Refinement Workers: 8
 Periodic GC: Disabled

Heap:
 garbage-first heap   total 258048K, used 12288K [0x0000000704400000, 0x0000000800000000)
  region size 2048K, 8 young (16384K), 0 survivors (0K)
 Metaspace       used 4648K, committed 4800K, reserved 1114112K
  class space    used 563K, committed 640K, reserved 1048576K

Heap Regions: E=young(eden), S=young(survivor), O=old, HS=humongous(starts), HC=humongous(continues), CS=collection set, F=free, TAMS=top-at-mark-start, PB=parsable bottom
|   0|0x0000000704400000, 0x0000000704400000, 0x0000000704600000|  0%| F|  |TAMS 0x0000000704400000| PB 0x0000000704400000| Untracked 
|   1|0x0000000704600000, 0x0000000704600000, 0x0000000704800000|  0%| F|  |TAMS 0x0000000704600000| PB 0x0000000704600000| Untracked 
|   2|0x0000000704800000, 0x0000000704800000, 0x0000000704a00000|  0%| F|  |TAMS 0x0000000704800000| PB 0x0000000704800000| Untracked 
|   3|0x0000000704a00000, 0x0000000704a00000, 0x0000000704c00000|  0%| F|  |TAMS 0x0000000704a00000| PB 0x0000000704a00000| Untracked 
|   4|0x0000000704c00000, 0x0000000704c00000, 0x0000000704e00000|  0%| F|  |TAMS 0x0000000704c00000| PB 0x0000000704c00000| Untracked 
|   5|0x0000000704e00000, 0x0000000704e00000, 0x0000000705000000|  0%| F|  |TAMS 0x0000000704e00000| PB 0x0000000704e00000| Untracked 
|   6|0x0000000705000000, 0x0000000705000000, 0x0000000705200000|  0%| F|  |TAMS 0x0000000705000000| PB 0x0000000705000000| Untracked 
|   7|0x0000000705200000, 0x0000000705200000, 0x0000000705400000|  0%| F|  |TAMS 0x0000000705200000| PB 0x0000000705200000| Untracked 
|   8|0x0000000705400000, 0x0000000705400000, 0x0000000705600000|  0%| F|  |TAMS 0x0000000705400000| PB 0x0000000705400000| Untracked 
|   9|0x0000000705600000, 0x0000000705600000, 0x0000000705800000|  0%| F|  |TAMS 0x0000000705600000| PB 0x0000000705600000| Untracked 
|  10|0x0000000705800000, 0x0000000705800000, 0x0000000705a00000|  0%| F|  |TAMS 0x0000000705800000| PB 0x0000000705800000| Untracked 
|  11|0x0000000705a00000, 0x0000000705a00000, 0x0000000705c00000|  0%| F|  |TAMS 0x0000000705a00000| PB 0x0000000705a00000| Untracked 
|  12|0x0000000705c00000, 0x0000000705c00000, 0x0000000705e00000|  0%| F|  |TAMS 0x0000000705c00000| PB 0x0000000705c00000| Untracked 
|  13|0x0000000705e00000, 0x0000000705e00000, 0x0000000706000000|  0%| F|  |TAMS 0x0000000705e00000| PB 0x0000000705e00000| Untracked 
|  14|0x0000000706000000, 0x0000000706000000, 0x0000000706200000|  0%| F|  |TAMS 0x0000000706000000| PB 0x0000000706000000| Untracked 
|  15|0x0000000706200000, 0x0000000706200000, 0x0000000706400000|  0%| F|  |TAMS 0x0000000706200000| PB 0x0000000706200000| Untracked 
|  16|0x0000000706400000, 0x0000000706400000, 0x0000000706600000|  0%| F|  |TAMS 0x0000000706400000| PB 0x0000000706400000| Untracked 
|  17|0x0000000706600000, 0x0000000706600000, 0x0000000706800000|  0%| F|  |TAMS 0x0000000706600000| PB 0x0000000706600000| Untracked 
|  18|0x0000000706800000, 0x0000000706800000, 0x0000000706a00000|  0%| F|  |TAMS 0x0000000706800000| PB 0x0000000706800000| Untracked 
|  19|0x0000000706a00000, 0x0000000706a00000, 0x0000000706c00000|  0%| F|  |TAMS 0x0000000706a00000| PB 0x0000000706a00000| Untracked 
|  20|0x0000000706c00000, 0x0000000706c00000, 0x0000000706e00000|  0%| F|  |TAMS 0x0000000706c00000| PB 0x0000000706c00000| Untracked 
|  21|0x0000000706e00000, 0x0000000706e00000, 0x0000000707000000|  0%| F|  |TAMS 0x0000000706e00000| PB 0x0000000706e00000| Untracked 
|  22|0x0000000707000000, 0x0000000707000000, 0x0000000707200000|  0%| F|  |TAMS 0x0000000707000000| PB 0x0000000707000000| Untracked 
|  23|0x0000000707200000, 0x0000000707200000, 0x0000000707400000|  0%| F|  |TAMS 0x0000000707200000| PB 0x0000000707200000| Untracked 
|  24|0x0000000707400000, 0x0000000707400000, 0x0000000707600000|  0%| F|  |TAMS 0x0000000707400000| PB 0x0000000707400000| Untracked 
|  25|0x0000000707600000, 0x0000000707600000, 0x0000000707800000|  0%| F|  |TAMS 0x0000000707600000| PB 0x0000000707600000| Untracked 
|  26|0x0000000707800000, 0x0000000707800000, 0x0000000707a00000|  0%| F|  |TAMS 0x0000000707800000| PB 0x0000000707800000| Untracked 
|  27|0x0000000707a00000, 0x0000000707a00000, 0x0000000707c00000|  0%| F|  |TAMS 0x0000000707a00000| PB 0x0000000707a00000| Untracked 
|  28|0x0000000707c00000, 0x0000000707c00000, 0x0000000707e00000|  0%| F|  |TAMS 0x0000000707c00000| PB 0x0000000707c00000| Untracked 
|  29|0x0000000707e00000, 0x0000000707e00000, 0x0000000708000000|  0%| F|  |TAMS 0x0000000707e00000| PB 0x0000000707e00000| Untracked 
|  30|0x0000000708000000, 0x0000000708000000, 0x0000000708200000|  0%| F|  |TAMS 0x0000000708000000| PB 0x0000000708000000| Untracked 
|  31|0x0000000708200000, 0x0000000708200000, 0x0000000708400000|  0%| F|  |TAMS 0x0000000708200000| PB 0x0000000708200000| Untracked 
|  32|0x0000000708400000, 0x0000000708400000, 0x0000000708600000|  0%| F|  |TAMS 0x0000000708400000| PB 0x0000000708400000| Untracked 
|  33|0x0000000708600000, 0x0000000708600000, 0x0000000708800000|  0%| F|  |TAMS 0x0000000708600000| PB 0x0000000708600000| Untracked 
|  34|0x0000000708800000, 0x0000000708800000, 0x0000000708a00000|  0%| F|  |TAMS 0x0000000708800000| PB 0x0000000708800000| Untracked 
|  35|0x0000000708a00000, 0x0000000708a00000, 0x0000000708c00000|  0%| F|  |TAMS 0x0000000708a00000| PB 0x0000000708a00000| Untracked 
|  36|0x0000000708c00000, 0x0000000708c00000, 0x0000000708e00000|  0%| F|  |TAMS 0x0000000708c00000| PB 0x0000000708c00000| Untracked 
|  37|0x0000000708e00000, 0x0000000708e00000, 0x0000000709000000|  0%| F|  |TAMS 0x0000000708e00000| PB 0x0000000708e00000| Untracked 
|  38|0x0000000709000000, 0x0000000709000000, 0x0000000709200000|  0%| F|  |TAMS 0x0000000709000000| PB 0x0000000709000000| Untracked 
|  39|0x0000000709200000, 0x0000000709200000, 0x0000000709400000|  0%| F|  |TAMS 0x0000000709200000| PB 0x0000000709200000| Untracked 
|  40|0x0000000709400000, 0x0000000709400000, 0x0000000709600000|  0%| F|  |TAMS 0x0000000709400000| PB 0x0000000709400000| Untracked 
|  41|0x0000000709600000, 0x0000000709600000, 0x0000000709800000|  0%| F|  |TAMS 0x0000000709600000| PB 0x0000000709600000| Untracked 
|  42|0x0000000709800000, 0x0000000709800000, 0x0000000709a00000|  0%| F|  |TAMS 0x0000000709800000| PB 0x0000000709800000| Untracked 
|  43|0x0000000709a00000, 0x0000000709a00000, 0x0000000709c00000|  0%| F|  |TAMS 0x0000000709a00000| PB 0x0000000709a00000| Untracked 
|  44|0x0000000709c00000, 0x0000000709c00000, 0x0000000709e00000|  0%| F|  |TAMS 0x0000000709c00000| PB 0x0000000709c00000| Untracked 
|  45|0x0000000709e00000, 0x0000000709e00000, 0x000000070a000000|  0%| F|  |TAMS 0x0000000709e00000| PB 0x0000000709e00000| Untracked 
|  46|0x000000070a000000, 0x000000070a000000, 0x000000070a200000|  0%| F|  |TAMS 0x000000070a000000| PB 0x000000070a000000| Untracked 
|  47|0x000000070a200000, 0x000000070a200000, 0x000000070a400000|  0%| F|  |TAMS 0x000000070a200000| PB 0x000000070a200000| Untracked 
|  48|0x000000070a400000, 0x000000070a400000, 0x000000070a600000|  0%| F|  |TAMS 0x000000070a400000| PB 0x000000070a400000| Untracked 
|  49|0x000000070a600000, 0x000000070a600000, 0x000000070a800000|  0%| F|  |TAMS 0x000000070a600000| PB 0x000000070a600000| Untracked 
|  50|0x000000070a800000, 0x000000070a800000, 0x000000070aa00000|  0%| F|  |TAMS 0x000000070a800000| PB 0x000000070a800000| Untracked 
|  51|0x000000070aa00000, 0x000000070aa00000, 0x000000070ac00000|  0%| F|  |TAMS 0x000000070aa00000| PB 0x000000070aa00000| Untracked 
|  52|0x000000070ac00000, 0x000000070ac00000, 0x000000070ae00000|  0%| F|  |TAMS 0x000000070ac00000| PB 0x000000070ac00000| Untracked 
|  53|0x000000070ae00000, 0x000000070ae00000, 0x000000070b000000|  0%| F|  |TAMS 0x000000070ae00000| PB 0x000000070ae00000| Untracked 
|  54|0x000000070b000000, 0x000000070b000000, 0x000000070b200000|  0%| F|  |TAMS 0x000000070b000000| PB 0x000000070b000000| Untracked 
|  55|0x000000070b200000, 0x000000070b200000, 0x000000070b400000|  0%| F|  |TAMS 0x000000070b200000| PB 0x000000070b200000| Untracked 
|  56|0x000000070b400000, 0x000000070b400000, 0x000000070b600000|  0%| F|  |TAMS 0x000000070b400000| PB 0x000000070b400000| Untracked 
|  57|0x000000070b600000, 0x000000070b600000, 0x000000070b800000|  0%| F|  |TAMS 0x000000070b600000| PB 0x000000070b600000| Untracked 
|  58|0x000000070b800000, 0x000000070b800000, 0x000000070ba00000|  0%| F|  |TAMS 0x000000070b800000| PB 0x000000070b800000| Untracked 
|  59|0x000000070ba00000, 0x000000070ba00000, 0x000000070bc00000|  0%| F|  |TAMS 0x000000070ba00000| PB 0x000000070ba00000| Untracked 
|  60|0x000000070bc00000, 0x000000070bc00000, 0x000000070be00000|  0%| F|  |TAMS 0x000000070bc00000| PB 0x000000070bc00000| Untracked 
|  61|0x000000070be00000, 0x000000070be00000, 0x000000070c000000|  0%| F|  |TAMS 0x000000070be00000| PB 0x000000070be00000| Untracked 
|  62|0x000000070c000000, 0x000000070c000000, 0x000000070c200000|  0%| F|  |TAMS 0x000000070c000000| PB 0x000000070c000000| Untracked 
|  63|0x000000070c200000, 0x000000070c200000, 0x000000070c400000|  0%| F|  |TAMS 0x000000070c200000| PB 0x000000070c200000| Untracked 
|  64|0x000000070c400000, 0x000000070c400000, 0x000000070c600000|  0%| F|  |TAMS 0x000000070c400000| PB 0x000000070c400000| Untracked 
|  65|0x000000070c600000, 0x000000070c600000, 0x000000070c800000|  0%| F|  |TAMS 0x000000070c600000| PB 0x000000070c600000| Untracked 
|  66|0x000000070c800000, 0x000000070c800000, 0x000000070ca00000|  0%| F|  |TAMS 0x000000070c800000| PB 0x000000070c800000| Untracked 
|  67|0x000000070ca00000, 0x000000070ca00000, 0x000000070cc00000|  0%| F|  |TAMS 0x000000070ca00000| PB 0x000000070ca00000| Untracked 
|  68|0x000000070cc00000, 0x000000070cc00000, 0x000000070ce00000|  0%| F|  |TAMS 0x000000070cc00000| PB 0x000000070cc00000| Untracked 
|  69|0x000000070ce00000, 0x000000070ce00000, 0x000000070d000000|  0%| F|  |TAMS 0x000000070ce00000| PB 0x000000070ce00000| Untracked 
|  70|0x000000070d000000, 0x000000070d000000, 0x000000070d200000|  0%| F|  |TAMS 0x000000070d000000| PB 0x000000070d000000| Untracked 
|  71|0x000000070d200000, 0x000000070d200000, 0x000000070d400000|  0%| F|  |TAMS 0x000000070d200000| PB 0x000000070d200000| Untracked 
|  72|0x000000070d400000, 0x000000070d400000, 0x000000070d600000|  0%| F|  |TAMS 0x000000070d400000| PB 0x000000070d400000| Untracked 
|  73|0x000000070d600000, 0x000000070d600000, 0x000000070d800000|  0%| F|  |TAMS 0x000000070d600000| PB 0x000000070d600000| Untracked 
|  74|0x000000070d800000, 0x000000070d800000, 0x000000070da00000|  0%| F|  |TAMS 0x000000070d800000| PB 0x000000070d800000| Untracked 
|  75|0x000000070da00000, 0x000000070da00000, 0x000000070dc00000|  0%| F|  |TAMS 0x000000070da00000| PB 0x000000070da00000| Untracked 
|  76|0x000000070dc00000, 0x000000070dc00000, 0x000000070de00000|  0%| F|  |TAMS 0x000000070dc00000| PB 0x000000070dc00000| Untracked 
|  77|0x000000070de00000, 0x000000070de00000, 0x000000070e000000|  0%| F|  |TAMS 0x000000070de00000| PB 0x000000070de00000| Untracked 
|  78|0x000000070e000000, 0x000000070e000000, 0x000000070e200000|  0%| F|  |TAMS 0x000000070e000000| PB 0x000000070e000000| Untracked 
|  79|0x000000070e200000, 0x000000070e200000, 0x000000070e400000|  0%| F|  |TAMS 0x000000070e200000| PB 0x000000070e200000| Untracked 
|  80|0x000000070e400000, 0x000000070e400000, 0x000000070e600000|  0%| F|  |TAMS 0x000000070e400000| PB 0x000000070e400000| Untracked 
|  81|0x000000070e600000, 0x000000070e600000, 0x000000070e800000|  0%| F|  |TAMS 0x000000070e600000| PB 0x000000070e600000| Untracked 
|  82|0x000000070e800000, 0x000000070e800000, 0x000000070ea00000|  0%| F|  |TAMS 0x000000070e800000| PB 0x000000070e800000| Untracked 
|  83|0x000000070ea00000, 0x000000070ea00000, 0x000000070ec00000|  0%| F|  |TAMS 0x000000070ea00000| PB 0x000000070ea00000| Untracked 
|  84|0x000000070ec00000, 0x000000070ec00000, 0x000000070ee00000|  0%| F|  |TAMS 0x000000070ec00000| PB 0x000000070ec00000| Untracked 
|  85|0x000000070ee00000, 0x000000070ee00000, 0x000000070f000000|  0%| F|  |TAMS 0x000000070ee00000| PB 0x000000070ee00000| Untracked 
|  86|0x000000070f000000, 0x000000070f000000, 0x000000070f200000|  0%| F|  |TAMS 0x000000070f000000| PB 0x000000070f000000| Untracked 
|  87|0x000000070f200000, 0x000000070f200000, 0x000000070f400000|  0%| F|  |TAMS 0x000000070f200000| PB 0x000000070f200000| Untracked 
|  88|0x000000070f400000, 0x000000070f400000, 0x000000070f600000|  0%| F|  |TAMS 0x000000070f400000| PB 0x000000070f400000| Untracked 
|  89|0x000000070f600000, 0x000000070f600000, 0x000000070f800000|  0%| F|  |TAMS 0x000000070f600000| PB 0x000000070f600000| Untracked 
|  90|0x000000070f800000, 0x000000070f800000, 0x000000070fa00000|  0%| F|  |TAMS 0x000000070f800000| PB 0x000000070f800000| Untracked 
|  91|0x000000070fa00000, 0x000000070fa00000, 0x000000070fc00000|  0%| F|  |TAMS 0x000000070fa00000| PB 0x000000070fa00000| Untracked 
|  92|0x000000070fc00000, 0x000000070fc00000, 0x000000070fe00000|  0%| F|  |TAMS 0x000000070fc00000| PB 0x000000070fc00000| Untracked 
|  93|0x000000070fe00000, 0x000000070fe00000, 0x0000000710000000|  0%| F|  |TAMS 0x000000070fe00000| PB 0x000000070fe00000| Untracked 
|  94|0x0000000710000000, 0x0000000710000000, 0x0000000710200000|  0%| F|  |TAMS 0x0000000710000000| PB 0x0000000710000000| Untracked 
|  95|0x0000000710200000, 0x0000000710200000, 0x0000000710400000|  0%| F|  |TAMS 0x0000000710200000| PB 0x0000000710200000| Untracked 
|  96|0x0000000710400000, 0x0000000710400000, 0x0000000710600000|  0%| F|  |TAMS 0x0000000710400000| PB 0x0000000710400000| Untracked 
|  97|0x0000000710600000, 0x0000000710600000, 0x0000000710800000|  0%| F|  |TAMS 0x0000000710600000| PB 0x0000000710600000| Untracked 
|  98|0x0000000710800000, 0x0000000710800000, 0x0000000710a00000|  0%| F|  |TAMS 0x0000000710800000| PB 0x0000000710800000| Untracked 
|  99|0x0000000710a00000, 0x0000000710a00000, 0x0000000710c00000|  0%| F|  |TAMS 0x0000000710a00000| PB 0x0000000710a00000| Untracked 
| 100|0x0000000710c00000, 0x0000000710c00000, 0x0000000710e00000|  0%| F|  |TAMS 0x0000000710c00000| PB 0x0000000710c00000| Untracked 
| 101|0x0000000710e00000, 0x0000000710e00000, 0x0000000711000000|  0%| F|  |TAMS 0x0000000710e00000| PB 0x0000000710e00000| Untracked 
| 102|0x0000000711000000, 0x0000000711000000, 0x0000000711200000|  0%| F|  |TAMS 0x0000000711000000| PB 0x0000000711000000| Untracked 
| 103|0x0000000711200000, 0x0000000711200000, 0x0000000711400000|  0%| F|  |TAMS 0x0000000711200000| PB 0x0000000711200000| Untracked 
| 104|0x0000000711400000, 0x0000000711400000, 0x0000000711600000|  0%| F|  |TAMS 0x0000000711400000| PB 0x0000000711400000| Untracked 
| 105|0x0000000711600000, 0x0000000711600000, 0x0000000711800000|  0%| F|  |TAMS 0x0000000711600000| PB 0x0000000711600000| Untracked 
| 106|0x0000000711800000, 0x0000000711800000, 0x0000000711a00000|  0%| F|  |TAMS 0x0000000711800000| PB 0x0000000711800000| Untracked 
| 107|0x0000000711a00000, 0x0000000711a00000, 0x0000000711c00000|  0%| F|  |TAMS 0x0000000711a00000| PB 0x0000000711a00000| Untracked 
| 108|0x0000000711c00000, 0x0000000711c00000, 0x0000000711e00000|  0%| F|  |TAMS 0x0000000711c00000| PB 0x0000000711c00000| Untracked 
| 109|0x0000000711e00000, 0x0000000711e00000, 0x0000000712000000|  0%| F|  |TAMS 0x0000000711e00000| PB 0x0000000711e00000| Untracked 
| 110|0x0000000712000000, 0x0000000712000000, 0x0000000712200000|  0%| F|  |TAMS 0x0000000712000000| PB 0x0000000712000000| Untracked 
| 111|0x0000000712200000, 0x0000000712200000, 0x0000000712400000|  0%| F|  |TAMS 0x0000000712200000| PB 0x0000000712200000| Untracked 
| 112|0x0000000712400000, 0x0000000712400000, 0x0000000712600000|  0%| F|  |TAMS 0x0000000712400000| PB 0x0000000712400000| Untracked 
| 113|0x0000000712600000, 0x0000000712600000, 0x0000000712800000|  0%| F|  |TAMS 0x0000000712600000| PB 0x0000000712600000| Untracked 
| 114|0x0000000712800000, 0x0000000712800000, 0x0000000712a00000|  0%| F|  |TAMS 0x0000000712800000| PB 0x0000000712800000| Untracked 
| 115|0x0000000712a00000, 0x0000000712a00000, 0x0000000712c00000|  0%| F|  |TAMS 0x0000000712a00000| PB 0x0000000712a00000| Untracked 
| 116|0x0000000712c00000, 0x0000000712c00000, 0x0000000712e00000|  0%| F|  |TAMS 0x0000000712c00000| PB 0x0000000712c00000| Untracked 
| 117|0x0000000712e00000, 0x0000000712e00000, 0x0000000713000000|  0%| F|  |TAMS 0x0000000712e00000| PB 0x0000000712e00000| Untracked 
| 118|0x0000000713000000, 0x00000007130e1d38, 0x0000000713200000| 44%| E|  |TAMS 0x0000000713000000| PB 0x0000000713000000| Complete 
| 119|0x0000000713200000, 0x0000000713400000, 0x0000000713400000|100%| E|CS|TAMS 0x0000000713200000| PB 0x0000000713200000| Complete 
| 120|0x0000000713400000, 0x0000000713600000, 0x0000000713600000|100%| E|CS|TAMS 0x0000000713400000| PB 0x0000000713400000| Complete 
| 121|0x0000000713600000, 0x0000000713800000, 0x0000000713800000|100%| E|CS|TAMS 0x0000000713600000| PB 0x0000000713600000| Complete 
| 122|0x0000000713800000, 0x0000000713a00000, 0x0000000713a00000|100%| E|CS|TAMS 0x0000000713800000| PB 0x0000000713800000| Complete 
| 123|0x0000000713a00000, 0x0000000713c00000, 0x0000000713c00000|100%| E|CS|TAMS 0x0000000713a00000| PB 0x0000000713a00000| Complete 
| 124|0x0000000713c00000, 0x0000000713e00000, 0x0000000713e00000|100%| E|  |TAMS 0x0000000713c00000| PB 0x0000000713c00000| Complete 
| 125|0x0000000713e00000, 0x0000000714000000, 0x0000000714000000|100%| E|CS|TAMS 0x0000000713e00000| PB 0x0000000713e00000| Complete 

Card table byte_map: [0x000001833c6b0000,0x000001833ce90000] _byte_map_base: 0x0000018338e8e000

Marking Bits: (CMBitMap*) 0x0000018324788980
 Bits: [0x000001833ce90000, 0x0000018340d80000)

Polling page: 0x00000183226a0000

Metaspace:

Usage:
  Non-class:      3.99 MB used.
      Class:    563.05 KB used.
       Both:      4.54 MB used.

Virtual space:
  Non-class space:       64.00 MB reserved,       4.06 MB (  6%) committed,  1 nodes.
      Class space:        1.00 GB reserved,     640.00 KB ( <1%) committed,  1 nodes.
             Both:        1.06 GB reserved,       4.69 MB ( <1%) committed. 

Chunk freelists:
   Non-Class:  10.59 MB
       Class:  15.19 MB
        Both:  25.79 MB

MaxMetaspaceSize: unlimited
CompressedClassSpaceSize: 1.00 GB
Initial GC threshold: 21.00 MB
Current GC threshold: 21.00 MB
CDS: on
 - commit_granule_bytes: 65536.
 - commit_granule_words: 8192.
 - virtual_space_node_default_size: 8388608.
 - enlarge_chunks_in_place: 1.
 - use_allocation_guard: 0.


Internal statistics:

num_allocs_failed_limit: 0.
num_arena_births: 94.
num_arena_deaths: 0.
num_vsnodes_births: 2.
num_vsnodes_deaths: 0.
num_space_committed: 75.
num_space_uncommitted: 0.
num_chunks_returned_to_freelist: 0.
num_chunks_taken_from_freelist: 199.
num_chunk_merges: 0.
num_chunk_splits: 111.
num_chunks_enlarged: 79.
num_inconsistent_stats: 0.

CodeHeap 'non-profiled nmethods': size=120000Kb used=365Kb max_used=365Kb free=119634Kb
 bounds [0x0000018334670000, 0x00000183348e0000, 0x000001833bba0000]
CodeHeap 'profiled nmethods': size=120000Kb used=1946Kb max_used=1946Kb free=118053Kb
 bounds [0x000001832cba0000, 0x000001832ce10000, 0x00000183340d0000]
CodeHeap 'non-nmethods': size=5760Kb used=1490Kb max_used=1507Kb free=4269Kb
 bounds [0x00000183340d0000, 0x0000018334340000, 0x0000018334670000]
 total_blobs=1553 nmethods=1091 adapters=367
 compilation: enabled
              stopped_count=0, restarted_count=0
 full_count=0

Compilation events (20 events):
Event: 0.510 Thread 0x00000183437dfbc0 nmethod 1082 0x000001832cd7d090 code [0x000001832cd7d2c0, 0x000001832cd7d988]
Event: 0.510 Thread 0x00000183437dfbc0 1083       3       java.util.zip.ZipFile::ensureOpenOrZipException (19 bytes)
Event: 0.510 Thread 0x00000183437dfbc0 nmethod 1083 0x000001832cd7dd10 code [0x000001832cd7dec0, 0x000001832cd7e098]
Event: 0.510 Thread 0x00000183437dfbc0 1084       3       java.util.zip.ZipFile$ZipFileInputStream::initDataOffset (117 bytes)
Event: 0.510 Thread 0x00000183437dfbc0 nmethod 1084 0x000001832cd7e190 code [0x000001832cd7e3c0, 0x000001832cd7eb68]
Event: 0.510 Thread 0x00000183437dfbc0 1085   !   3       java.util.zip.ZipCoder$UTF8ZipCoder::compare (81 bytes)
Event: 0.511 Thread 0x00000183437dfbc0 nmethod 1085 0x000001832cd7ee90 code [0x000001832cd7f100, 0x000001832cd7fd18]
Event: 0.511 Thread 0x00000183437dfbc0 1088       3       jdk.internal.org.objectweb.asm.Type::getReturnTypeOffset (64 bytes)
Event: 0.511 Thread 0x00000183437dfbc0 nmethod 1088 0x000001832cd80210 code [0x000001832cd80500, 0x000001832cd816e8]
Event: 0.511 Thread 0x00000183437dfbc0 1086       3       java.lang.System$2::getBytesNoRepl (6 bytes)
Event: 0.511 Thread 0x00000183437dfbc0 nmethod 1086 0x000001832cd81e10 code [0x000001832cd82000, 0x000001832cd82800]
Event: 0.511 Thread 0x00000183437dfbc0 1089       3       jdk.internal.org.objectweb.asm.Frame::accept (264 bytes)
Event: 0.512 Thread 0x00000183437dfbc0 nmethod 1089 0x000001832cd82a10 code [0x000001832cd82c40, 0x000001832cd83548]
Event: 0.512 Thread 0x00000183437dfbc0 1090       3       jdk.internal.org.objectweb.asm.Handler::putExceptionTable (63 bytes)
Event: 0.512 Thread 0x00000183437dfbc0 nmethod 1090 0x000001832cd83910 code [0x000001832cd83b20, 0x000001832cd83f78]
Event: 0.512 Thread 0x00000183437dfbc0 1087   !   3       java.lang.String::getBytesNoRepl (29 bytes)
Event: 0.512 Thread 0x00000183437dfbc0 nmethod 1087 0x000001832cd84210 code [0x000001832cd84400, 0x000001832cd84b78]
Event: 0.512 Thread 0x00000183437dfbc0 1091       3       jdk.internal.org.objectweb.asm.Type::getTypeInternal (218 bytes)
Event: 0.513 Thread 0x00000183437dfbc0 nmethod 1091 0x000001832cd84d90 code [0x000001832cd850e0, 0x000001832cd86398]
Event: 0.513 Thread 0x00000183437dfbc0 1093       3       jdk.internal.org.objectweb.asm.Frame::merge (395 bytes)

GC Heap History (0 events):
No events

Dll operation events (10 events):
Event: 0.006 Loaded shared library C:\Program Files\Java\jdk-21\bin\java.dll
Event: 0.036 Loaded shared library C:\Program Files\Java\jdk-21\bin\jsvml.dll
Event: 0.098 Loaded shared library C:\Program Files\Java\jdk-21\bin\zip.dll
Event: 0.101 Loaded shared library C:\Program Files\Java\jdk-21\bin\instrument.dll
Event: 0.105 Loaded shared library C:\Program Files\Java\jdk-21\bin\net.dll
Event: 0.107 Loaded shared library C:\Program Files\Java\jdk-21\bin\nio.dll
Event: 0.114 Loaded shared library C:\Program Files\Java\jdk-21\bin\zip.dll
Event: 0.179 Loaded shared library C:\Users\victo\AppData\Local\Programs\IntelliJ IDEA Ultimate\bin\breakgen64.dll
Event: 0.187 Loaded shared library C:\Program Files\Java\jdk-21\bin\extnet.dll
Event: 0.194 Loaded shared library C:\Program Files\Java\jdk-21\bin\jimage.dll

Deoptimization events (20 events):
Event: 0.238 Thread 0x00000183223f8e10 Uncommon trap: trap_request=0xffffffc6 fr.pc=0x000001833468f400 relative=0x0000000000000bc0
Event: 0.238 Thread 0x00000183223f8e10 Uncommon trap: reason=bimorphic_or_optimized_type_check action=maybe_recompile pc=0x000001833468f400 method=java.util.HashMap.putVal(ILjava/lang/Object;Ljava/lang/Object;ZZ)Ljava/lang/Object; @ 56 c2
Event: 0.238 Thread 0x00000183223f8e10 DEOPT PACKING pc=0x000001833468f400 sp=0x0000006f1a0fe2f0
Event: 0.238 Thread 0x00000183223f8e10 DEOPT UNPACKING pc=0x0000018334127da2 sp=0x0000006f1a0fe278 mode 2
Event: 0.249 Thread 0x00000183223f8e10 Uncommon trap: trap_request=0xffffff45 fr.pc=0x000001833468a4f0 relative=0x0000000000000070
Event: 0.249 Thread 0x00000183223f8e10 Uncommon trap: reason=unstable_if action=reinterpret pc=0x000001833468a4f0 method=java.io.WinNTFileSystem.isSlash(C)Z @ 9 c2
Event: 0.249 Thread 0x00000183223f8e10 DEOPT PACKING pc=0x000001833468a4f0 sp=0x0000006f1a0fdc00
Event: 0.249 Thread 0x00000183223f8e10 DEOPT UNPACKING pc=0x0000018334127da2 sp=0x0000006f1a0fdb88 mode 2
Event: 0.286 Thread 0x00000183223f8e10 DEOPT PACKING pc=0x000001832cc25657 sp=0x0000006f1a0fda30
Event: 0.286 Thread 0x00000183223f8e10 DEOPT UNPACKING pc=0x00000183341288e2 sp=0x0000006f1a0fcea8 mode 0
Event: 0.381 Thread 0x00000183223f8e10 Uncommon trap: trap_request=0xffffff45 fr.pc=0x00000183346a245c relative=0x00000000000009bc
Event: 0.381 Thread 0x00000183223f8e10 Uncommon trap: reason=unstable_if action=reinterpret pc=0x00000183346a245c method=java.util.HashMap.putVal(ILjava/lang/Object;Ljava/lang/Object;ZZ)Ljava/lang/Object; @ 181 c2
Event: 0.381 Thread 0x00000183223f8e10 DEOPT PACKING pc=0x00000183346a245c sp=0x0000006f1a0fc990
Event: 0.381 Thread 0x00000183223f8e10 DEOPT UNPACKING pc=0x0000018334127da2 sp=0x0000006f1a0fc930 mode 2
Event: 0.419 Thread 0x00000183223f8e10 DEOPT PACKING pc=0x000001832cc12405 sp=0x0000006f1a0fc8e0
Event: 0.419 Thread 0x00000183223f8e10 DEOPT UNPACKING pc=0x00000183341288e2 sp=0x0000006f1a0fbd50 mode 0
Event: 0.467 Thread 0x00000183223f8e10 Uncommon trap: trap_request=0xffffff6e fr.pc=0x00000183346ab774 relative=0x0000000000000434
Event: 0.467 Thread 0x00000183223f8e10 Uncommon trap: reason=loop_limit_check action=maybe_recompile pc=0x00000183346ab774 method=java.lang.StringLatin1.indexOf([BI[BII)I @ 37 c2
Event: 0.467 Thread 0x00000183223f8e10 DEOPT PACKING pc=0x00000183346ab774 sp=0x0000006f1a0fda60
Event: 0.467 Thread 0x00000183223f8e10 DEOPT UNPACKING pc=0x0000018334127da2 sp=0x0000006f1a0fd9c0 mode 2

Classes loaded (20 events):
Event: 0.478 Loading class java/lang/reflect/ProxyGenerator$ProxyMethod
Event: 0.478 Loading class java/lang/reflect/ProxyGenerator$ProxyMethod done
Event: 0.490 Loading class java/lang/reflect/ProxyGenerator$PrimitiveTypeInfo
Event: 0.491 Loading class java/lang/reflect/ProxyGenerator$PrimitiveTypeInfo done
Event: 0.491 Loading class jdk/internal/org/objectweb/asm/Edge
Event: 0.491 Loading class jdk/internal/org/objectweb/asm/Edge done
Event: 0.492 Loading class java/lang/reflect/Proxy$ProxyBuilder$1
Event: 0.492 Loading class java/lang/reflect/Proxy$ProxyBuilder$1 done
Event: 0.492 Loading class java/lang/annotation/Target
Event: 0.492 Loading class java/lang/annotation/Target done
Event: 0.494 Loading class java/lang/reflect/UndeclaredThrowableException
Event: 0.494 Loading class java/lang/reflect/UndeclaredThrowableException done
Event: 0.496 Loading class java/lang/annotation/ElementType
Event: 0.496 Loading class java/lang/annotation/ElementType done
Event: 0.496 Loading class java/lang/annotation/Documented
Event: 0.496 Loading class java/lang/annotation/Documented done
Event: 0.500 Loading class java/lang/Class$AnnotationData
Event: 0.500 Loading class java/lang/Class$AnnotationData done
Event: 0.507 Loading class java/lang/annotation/Repeatable
Event: 0.507 Loading class java/lang/annotation/Repeatable done

Classes unloaded (0 events):
No events

Classes redefined (0 events):
No events

Internal exceptions (20 events):
Event: 0.199 Thread 0x00000183223f8e10 Exception <a 'java/lang/NoSuchMethodError'{0x0000000713806690}: 'java.lang.Object java.lang.invoke.DirectMethodHandle$Holder.invokeInterface(java.lang.Object, java.lang.Object, java.lang.Object)'> (0x0000000713806690) 
thrown [s\open\src\hotspot\share\interpreter\linkResolver.cpp, line 773]
Event: 0.201 Thread 0x00000183223f8e10 Exception <a 'java/lang/NoSuchMethodError'{0x00000007138170f0}: 'int java.lang.invoke.DirectMethodHandle$Holder.invokeStaticInit(java.lang.Object, java.lang.Object)'> (0x00000007138170f0) 
thrown [s\open\src\hotspot\share\interpreter\linkResolver.cpp, line 773]
Event: 0.203 Thread 0x00000183223f8e10 Exception <a 'java/lang/NoSuchMethodError'{0x00000007138229a8}: 'java.lang.Object java.lang.invoke.DirectMethodHandle$Holder.invokeSpecialIFC(java.lang.Object, java.lang.Object, java.lang.Object, java.lang.Object)'> (0x00000007138229a8) 
thrown [s\open\src\hotspot\share\interpreter\linkResolver.cpp, line 773]
Event: 0.233 Thread 0x00000183223f8e10 Exception <a 'java/lang/NoSuchMethodError'{0x00000007138afc40}: 'java.lang.Object java.lang.invoke.DirectMethodHandle$Holder.invokeInterface(java.lang.Object, java.lang.Object)'> (0x00000007138afc40) 
thrown [s\open\src\hotspot\share\interpreter\linkResolver.cpp, line 773]
Event: 0.234 Thread 0x00000183223f8e10 Exception <a 'java/lang/NoSuchMethodError'{0x00000007138b9858}: 'java.lang.Object java.lang.invoke.Invokers$Holder.invokeExact_MT(java.lang.Object, java.lang.Object, java.lang.Object, java.lang.Object, java.lang.Object, java.lang.Object)'> (0x00000007138b9858) 
thrown [s\open\src\hotspot\share\interpreter\linkResolver.cpp, line 773]
Event: 0.237 Thread 0x00000183223f8e10 Exception <a 'java/lang/NoSuchMethodError'{0x00000007138d2d20}: 'int java.lang.invoke.DirectMethodHandle$Holder.invokeInterface(java.lang.Object, java.lang.Object)'> (0x00000007138d2d20) 
thrown [s\open\src\hotspot\share\interpreter\linkResolver.cpp, line 773]
Event: 0.240 Thread 0x00000183223f8e10 Exception <a 'java/lang/NoSuchMethodError'{0x00000007138f9dc8}: 'void java.lang.invoke.DirectMethodHandle$Holder.invokeStatic(java.lang.Object, java.lang.Object, java.lang.Object, java.lang.Object)'> (0x00000007138f9dc8) 
thrown [s\open\src\hotspot\share\interpreter\linkResolver.cpp, line 773]
Event: 0.280 Thread 0x00000183223f8e10 Exception <a 'java/lang/NoSuchMethodError'{0x0000000713667830}: 'void java.lang.invoke.DirectMethodHandle$Holder.invokeSpecial(java.lang.Object, java.lang.Object, java.lang.Object)'> (0x0000000713667830) 
thrown [s\open\src\hotspot\share\interpreter\linkResolver.cpp, line 773]
Event: 0.299 Thread 0x00000183223f8e10 Exception <a 'java/lang/NoSuchMethodError'{0x00000007136f9b80}: 'int java.lang.invoke.DirectMethodHandle$Holder.invokeSpecialIFC(java.lang.Object, java.lang.Object, java.lang.Object, java.lang.Object)'> (0x00000007136f9b80) 
thrown [s\open\src\hotspot\share\interpreter\linkResolver.cpp, line 773]
Event: 0.305 Thread 0x00000183223f8e10 Exception <a 'java/lang/NoSuchMethodError'{0x000000071372dc20}: 'java.lang.Object java.lang.invoke.DirectMethodHandle$Holder.newInvokeSpecial(java.lang.Object, java.lang.Object, java.lang.Object, java.lang.Object, java.lang.Object, java.lang.Object)'> (0x000000071372dc20) 
thrown [s\open\src\hotspot\share\interpreter\linkResolver.cpp, line 773]
Event: 0.306 Thread 0x00000183223f8e10 Exception <a 'java/lang/NoSuchMethodError'{0x000000071373bce8}: 'void java.lang.invoke.DirectMethodHandle$Holder.invokeStaticInit(java.lang.Object)'> (0x000000071373bce8) 
thrown [s\open\src\hotspot\share\interpreter\linkResolver.cpp, line 773]
Event: 0.308 Thread 0x00000183223f8e10 Exception <a 'java/lang/NoSuchMethodError'{0x000000071374e658}: 'java.lang.Object java.lang.invoke.DirectMethodHandle$Holder.newInvokeSpecial(java.lang.Object, java.lang.Object, java.lang.Object, java.lang.Object, java.lang.Object, java.lang.Object, java.lang.Object)'> (0x000000071374e658) 
thrown [s\open\src\hotspot\share\interpreter\linkResolver.cpp, line 773]
Event: 0.309 Thread 0x00000183223f8e10 Exception <a 'java/lang/NoSuchMethodError'{0x0000000713756490}: 'java.lang.Object java.lang.invoke.DirectMethodHandle$Holder.invokeSpecialIFC(java.lang.Object, java.lang.Object, java.lang.Object, java.lang.Object, java.lang.Object)'> (0x0000000713756490) 
thrown [s\open\src\hotspot\share\interpreter\linkResolver.cpp, line 773]
Event: 0.385 Thread 0x00000183223f8e10 Exception <a 'java/lang/NoSuchMethodError'{0x0000000713540cc8}: 'java.lang.Object java.lang.invoke.DirectMethodHandle$Holder.invokeStaticInit(java.lang.Object, int, int, int, int)'> (0x0000000713540cc8) 
thrown [s\open\src\hotspot\share\interpreter\linkResolver.cpp, line 773]
Event: 0.399 Thread 0x00000183223f8e10 Exception <a 'java/lang/NoSuchMethodError'{0x00000007135c7750}: 'java.lang.Object java.lang.invoke.DirectMethodHandle$Holder.invokeStaticInit(java.lang.Object, java.lang.Object, int, int, int, int)'> (0x00000007135c7750) 
thrown [s\open\src\hotspot\share\interpreter\linkResolver.cpp, line 773]
Event: 0.424 Thread 0x00000183223f8e10 Exception <a 'java/lang/NoSuchMethodError'{0x0000000713288c20}: 'int java.lang.invoke.DirectMethodHandle$Holder.invokeSpecial(java.lang.Object, java.lang.Object, java.lang.Object)'> (0x0000000713288c20) 
thrown [s\open\src\hotspot\share\interpreter\linkResolver.cpp, line 773]
Event: 0.458 Thread 0x00000183223f8e10 Exception <a 'java/lang/NoSuchMethodError'{0x0000000713372c90}: 'int java.lang.invoke.DirectMethodHandle$Holder.invokeVirtual(java.lang.Object, java.lang.Object)'> (0x0000000713372c90) 
thrown [s\open\src\hotspot\share\interpreter\linkResolver.cpp, line 773]
Event: 0.462 Thread 0x00000183223f8e10 Exception <a 'java/lang/IncompatibleClassChangeError'{0x000000071339e0d0}: Found class java.lang.Object, but interface was expected> (0x000000071339e0d0) 
thrown [s\open\src\hotspot\share\interpreter\linkResolver.cpp, line 840]
Event: 0.469 Thread 0x00000183223f8e10 Exception <a 'java/lang/NoSuchMethodError'{0x00000007133d4410}: 'java.lang.Object java.lang.invoke.DirectMethodHandle$Holder.newInvokeSpecial(java.lang.Object, java.lang.Object, java.lang.Object, java.lang.Object, java.lang.Object)'> (0x00000007133d4410) 
thrown [s\open\src\hotspot\share\interpreter\linkResolver.cpp, line 773]
Event: 0.471 Thread 0x00000183223f8e10 Exception <a 'java/lang/NoSuchMethodError'{0x00000007133e4b98}: 'void java.lang.invoke.DirectMethodHandle$Holder.invokeSpecial(java.lang.Object, java.lang.Object, java.lang.Object, java.lang.Object, java.lang.Object)'> (0x00000007133e4b98) 
thrown [s\open\src\hotspot\share\interpreter\linkResolver.cpp, line 773]

ZGC Phase Switch (0 events):
No events

VM Operations (12 events):
Event: 0.084 Executing VM operation: HandshakeAllThreads (Deoptimize)
Event: 0.084 Executing VM operation: HandshakeAllThreads (Deoptimize) done
Event: 0.238 Executing VM operation: HandshakeAllThreads (Deoptimize)
Event: 0.238 Executing VM operation: HandshakeAllThreads (Deoptimize) done
Event: 0.249 Executing VM operation: HandshakeAllThreads (Deoptimize)
Event: 0.249 Executing VM operation: HandshakeAllThreads (Deoptimize) done
Event: 0.432 Executing VM operation: HandshakeAllThreads (Deoptimize)
Event: 0.432 Executing VM operation: HandshakeAllThreads (Deoptimize) done
Event: 0.468 Executing VM operation: HandshakeAllThreads (Deoptimize)
Event: 0.468 Executing VM operation: HandshakeAllThreads (Deoptimize) done
Event: 0.477 Executing VM operation: HandshakeAllThreads (Deoptimize)
Event: 0.477 Executing VM operation: HandshakeAllThreads (Deoptimize) done

Events (13 events):
Event: 0.020 Thread 0x00000183223f8e10 Thread added: 0x00000183223f8e10
Event: 0.033 Thread 0x00000183437b5be0 Thread added: 0x00000183437b5be0
Event: 0.034 Thread 0x00000183437b6be0 Thread added: 0x00000183437b6be0
Event: 0.034 Thread 0x00000183437b9510 Thread added: 0x00000183437b9510
Event: 0.034 Thread 0x00000183437ba250 Thread added: 0x00000183437ba250
Event: 0.034 Thread 0x00000183437bcfb0 Thread added: 0x00000183437bcfb0
Event: 0.034 Thread 0x00000183437bf150 Thread added: 0x00000183437bf150
Event: 0.034 Thread 0x00000183437c1360 Thread added: 0x00000183437c1360
Event: 0.034 Thread 0x00000183437dfbc0 Thread added: 0x00000183437dfbc0
Event: 0.078 Thread 0x00000183439e8970 Thread added: 0x00000183439e8970
Event: 0.138 Thread 0x0000018343ad63c0 Thread added: 0x0000018343ad63c0
Event: 0.179 Thread 0x000001838908d540 Thread added: 0x000001838908d540
Event: 0.180 Thread 0x0000018343d1e3e0 Thread added: 0x0000018343d1e3e0


Dynamic libraries:
0x00007ff638100000 - 0x00007ff638110000 	C:\Program Files\Java\jdk-21\bin\java.exe
0x00007ffe22b50000 - 0x00007ffe22d67000 	C:\WINDOWS\SYSTEM32\ntdll.dll
0x00007ffe21130000 - 0x00007ffe211f4000 	C:\WINDOWS\System32\KERNEL32.DLL
0x00007ffe20030000 - 0x00007ffe20402000 	C:\WINDOWS\System32\KERNELBASE.dll
0x00007ffe206c0000 - 0x00007ffe207d1000 	C:\WINDOWS\System32\ucrtbase.dll
0x00007ffe0d280000 - 0x00007ffe0d299000 	C:\Program Files\Java\jdk-21\bin\jli.dll
0x00007ffe0d2a0000 - 0x00007ffe0d2bb000 	C:\Program Files\Java\jdk-21\bin\VCRUNTIME140.dll
0x00007ffe21070000 - 0x00007ffe21121000 	C:\WINDOWS\System32\ADVAPI32.dll
0x00007ffe20fc0000 - 0x00007ffe21067000 	C:\WINDOWS\System32\msvcrt.dll
0x00007ffe21200000 - 0x00007ffe212a8000 	C:\WINDOWS\System32\sechost.dll
0x00007ffe20690000 - 0x00007ffe206b8000 	C:\WINDOWS\System32\bcrypt.dll
0x00007ffe21ce0000 - 0x00007ffe21df4000 	C:\WINDOWS\System32\RPCRT4.dll
0x00007ffe21e00000 - 0x00007ffe21fb1000 	C:\WINDOWS\System32\USER32.dll
0x00007ffe1fdb0000 - 0x00007ffe1fdd6000 	C:\WINDOWS\System32\win32u.dll
0x00007ffe21c50000 - 0x00007ffe21c79000 	C:\WINDOWS\System32\GDI32.dll
0x00007ffdf2560000 - 0x00007ffdf27fb000 	C:\WINDOWS\WinSxS\amd64_microsoft.windows.common-controls_6595b64144ccf1df_6.0.22621.5547_none_27104afb73855772\COMCTL32.dll
0x00007ffe1ff00000 - 0x00007ffe20023000 	C:\WINDOWS\System32\gdi32full.dll
0x00007ffe1fe60000 - 0x00007ffe1fefa000 	C:\WINDOWS\System32\msvcp_win.dll
0x00007ffe181a0000 - 0x00007ffe181aa000 	C:\WINDOWS\SYSTEM32\VERSION.dll
0x00007ffe22ac0000 - 0x00007ffe22af1000 	C:\WINDOWS\System32\IMM32.DLL
0x00007ffe0d270000 - 0x00007ffe0d27c000 	C:\Program Files\Java\jdk-21\bin\vcruntime140_1.dll
0x00007ffdfdc80000 - 0x00007ffdfdd0e000 	C:\Program Files\Java\jdk-21\bin\msvcp140.dll
0x00007ffd7dd90000 - 0x00007ffd7eaa8000 	C:\Program Files\Java\jdk-21\bin\server\jvm.dll
0x00007ffe20eb0000 - 0x00007ffe20f21000 	C:\WINDOWS\System32\WS2_32.dll
0x00007ffe1ead0000 - 0x00007ffe1eb1d000 	C:\WINDOWS\SYSTEM32\POWRPROF.dll
0x00007ffe181f0000 - 0x00007ffe18224000 	C:\WINDOWS\SYSTEM32\WINMM.dll
0x00007ffe1ea70000 - 0x00007ffe1ea83000 	C:\WINDOWS\SYSTEM32\UMPDC.dll
0x00007ffe1ed30000 - 0x00007ffe1ed48000 	C:\WINDOWS\SYSTEM32\kernel.appcore.dll
0x00007ffe0d260000 - 0x00007ffe0d26a000 	C:\Program Files\Java\jdk-21\bin\jimage.dll
0x00007ffe1a5c0000 - 0x00007ffe1a7f3000 	C:\WINDOWS\SYSTEM32\DBGHELP.DLL
0x00007ffe20830000 - 0x00007ffe20bc3000 	C:\WINDOWS\System32\combase.dll
0x00007ffe21b00000 - 0x00007ffe21bd7000 	C:\WINDOWS\System32\OLEAUT32.dll
0x00007ffe09860000 - 0x00007ffe09892000 	C:\WINDOWS\SYSTEM32\dbgcore.DLL
0x00007ffe1fde0000 - 0x00007ffe1fe5b000 	C:\WINDOWS\System32\bcryptPrimitives.dll
0x00007ffe0d250000 - 0x00007ffe0d25f000 	C:\Program Files\Java\jdk-21\bin\instrument.dll
0x00007ffe0d1f0000 - 0x00007ffe0d20f000 	C:\Program Files\Java\jdk-21\bin\java.dll
0x00007ffe22210000 - 0x00007ffe22ab2000 	C:\WINDOWS\System32\SHELL32.dll
0x00007ffe20550000 - 0x00007ffe2068f000 	C:\WINDOWS\System32\wintypes.dll
0x00007ffe1db20000 - 0x00007ffe1e43d000 	C:\WINDOWS\SYSTEM32\windows.storage.dll
0x00007ffe20d80000 - 0x00007ffe20e8c000 	C:\WINDOWS\System32\SHCORE.dll
0x00007ffe21600000 - 0x00007ffe21669000 	C:\WINDOWS\System32\shlwapi.dll
0x00007ffe1fb70000 - 0x00007ffe1fb9b000 	C:\WINDOWS\SYSTEM32\profapi.dll
0x00007ffdd8ac0000 - 0x00007ffdd8b97000 	C:\Program Files\Java\jdk-21\bin\jsvml.dll
0x00007ffe09310000 - 0x00007ffe09328000 	C:\Program Files\Java\jdk-21\bin\zip.dll
0x00007ffe0d1e0000 - 0x00007ffe0d1f0000 	C:\Program Files\Java\jdk-21\bin\net.dll
0x00007ffe196b0000 - 0x00007ffe197dc000 	C:\WINDOWS\SYSTEM32\WINHTTP.dll
0x00007ffe1f1e0000 - 0x00007ffe1f249000 	C:\WINDOWS\system32\mswsock.dll
0x00007ffe09330000 - 0x00007ffe09346000 	C:\Program Files\Java\jdk-21\bin\nio.dll
0x00007ffdf2d50000 - 0x00007ffdf2d6a000 	C:\Users\victo\AppData\Local\Programs\IntelliJ IDEA Ultimate\bin\breakgen64.dll
0x00007ffe0d1b0000 - 0x00007ffe0d1b9000 	C:\Program Files\Java\jdk-21\bin\extnet.dll
0x00007ffe1f430000 - 0x00007ffe1f44b000 	C:\WINDOWS\SYSTEM32\CRYPTSP.dll
0x00007ffe1ec90000 - 0x00007ffe1ecc7000 	C:\WINDOWS\system32\rsaenh.dll
0x00007ffe1f2d0000 - 0x00007ffe1f2f8000 	C:\WINDOWS\SYSTEM32\USERENV.dll
0x00007ffe1f450000 - 0x00007ffe1f45c000 	C:\WINDOWS\SYSTEM32\CRYPTBASE.dll
0x00007ffe1e690000 - 0x00007ffe1e6bd000 	C:\WINDOWS\SYSTEM32\IPHLPAPI.DLL
0x00007ffe215f0000 - 0x00007ffe215f9000 	C:\WINDOWS\System32\NSI.dll

dbghelp: loaded successfully - version: 4.0.5 - missing functions: none
symbol engine: initialized successfully - sym options: 0x614 - pdb path: .;C:\Program Files\Java\jdk-21\bin;C:\WINDOWS\SYSTEM32;C:\WINDOWS\WinSxS\amd64_microsoft.windows.common-controls_6595b64144ccf1df_6.0.22621.5547_none_27104afb73855772;C:\Program Files\Java\jdk-21\bin\server;C:\Users\victo\AppData\Local\Programs\IntelliJ IDEA Ultimate\bin

VM Arguments:
jvm_args: -Dorg.jetbrains.run.directory=C:\2.FIAP\INTELLIJ\micronectar-api-tests\src\test\resources\features -javaagent:C:\Users\victo\AppData\Local\Programs\IntelliJ IDEA Ultimate\lib\idea_rt.jar=60950:C:\Users\victo\AppData\Local\Programs\IntelliJ IDEA Ultimate\bin -Dfile.encoding=UTF-8 -Dsun.stdout.encoding=UTF-8 -Dsun.stderr.encoding=UTF-8 
java_command: io.cucumber.core.cli.Main --plugin org.jetbrains.plugins.cucumber.java.run.CucumberJvm5SMFormatter --name ^Cadastro de microempreendedor bem\-sucedido$ --glue hooks --glue steps C:/2.FIAP/INTELLIJ/micronectar-api-tests/src/test/resources/features/CadastroUsuario.feature
java_class_path (initial): C:\2.FIAP\INTELLIJ\micronectar-api-tests\target\test-classes;C:\2.FIAP\INTELLIJ\micronectar-api-tests\target\classes;C:\Users\victo\.m2\repository\io\cucumber\cucumber-java\7.18.1\cucumber-java-7.18.1.jar;C:\Users\victo\.m2\repository\io\cucumber\cucumber-core\7.18.1\cucumber-core-7.18.1.jar;C:\Users\victo\.m2\repository\io\cucumber\cucumber-gherkin\7.18.1\cucumber-gherkin-7.18.1.jar;C:\Users\victo\.m2\repository\io\cucumber\cucumber-gherkin-messages\7.18.1\cucumber-gherkin-messages-7.18.1.jar;C:\Users\victo\.m2\repository\io\cucumber\gherkin\28.0.0\gherkin-28.0.0.jar;C:\Users\victo\.m2\repository\io\cucumber\messages\24.1.0\messages-24.1.0.jar;C:\Users\victo\.m2\repository\io\cucumber\testng-xml-formatter\0.2.0\testng-xml-formatter-0.2.0.jar;C:\Users\victo\.m2\repository\io\cucumber\query\12.2.0\query-12.2.0.jar;C:\Users\victo\.m2\repository\io\cucumber\tag-expressions\6.1.0\tag-expressions-6.1.0.jar;C:\Users\victo\.m2\repository\io\cucumber\cucumber-expressions\17.1.0\cucumber-expressions-17.1.0.jar;C:\Users\victo\.m2\repository\io\cucumber\datatable\7.18.1\datatable-7.18.1.jar;C:\Users\victo\.m2\repository\io\cucumber\cucumber-plugin\7.18.1\cucumber-plugin-7.18.1.jar;C:\Users\victo\.m2\repository\io\cucumber\docstring\7.18.1\docstring-7.18.1.jar;C:\Users\victo\.m2\repository\io\cucumber\html-formatter\21.4.1\html-formatter-21.4.1.jar;C:\Users\victo\.m2\repository\io\cucumber\junit-xml-formatter\0.5.0\junit-xml-formatter-0.5.0.jar;C:\Users\victo\.m2\repository\io\cucumber\ci-environment\10.0.1\ci-environment-10.0.1.jar;C:\Users\victo\.m2\repository\org\apiguardian\apiguardian-api\1.1.2\apiguardian-api-1.1.2.jar;C:\Users\victo\.m2\repository\io\cucumber\cucumber-junit\7.18.1\cucumber-junit-7.18.1.jar;C:\Users\victo\.m2\repository\junit\junit\4.13.2\junit-4.13.2.jar;C:\Users\victo\.m2\repository\org\hamcrest\hamcrest-core\1.3\hamcrest-core-1.3.jar;C:\Users\victo\.m2\repository\io\rest-assured\rest-assured\5.5.0\rest-assured-5.5.0.jar;C:\Users\victo\.m2\repository\org\apache\groovy\groovy\4.0.22\groovy-4.0.22.jar;C:\Users\victo\.m2\repository\org\apache\groovy\groovy-xml\4.0.22\groovy-xml-4.0.22.jar;C:\Users\victo\.m2\repository\org\apache\httpcomponents\httpclient\4.5.13\httpclient-4.5.13.jar;C:\Users\victo\.m2\repository\org\apache\httpcomponents\httpcore\4.4.13\httpcore-4.4.13.jar;C:\Users\victo\.m2\repository\commons-logging\commons-logging\1.2\commons-logging-1.2.jar;C:\Users\victo\.m2\repository\commons-codec\commons-codec\1.11\commons-codec-1.11.jar;C:\Users\victo\.m2\repository\org\apache\httpcomponents\httpmime\4.5.13\httpmime-4.5.13.jar;C:\Users\victo\.m2\repository\org\hamcrest\hamcrest\2.2\hamcrest-2.2.jar;C:\Users\victo\.m2\repository\org\ccil\cowan\tagsoup\tagsoup\1.2.1\tagsoup-1.2.1.jar;C:\Users\victo\.m2\repository\io\rest-assured\json-path\5.5.0\json-path-5.5.0.jar;C:\Users\victo\.m2\repository\org\apache\groovy\groovy-json\4.0.22\groovy-json-4.0.22.jar;C:\Users\victo\.m2\repository\io\rest-assured\rest-assured-common\5.5.0\rest-assured-common-5.5.0.jar;C:\Users\victo\.m2\repository\io\rest-assured\xml-path\5.5.0\xml-path-5.5.0.jar;C:\Users\victo\.m2\repository\org\apache\commons\commons-lang3\3.11\commons-lang3-3.11.jar;C:\Users\victo\.m2\repository\com\networknt\json-schema-validator\1.5.1\json-schema-validator-1.5.1.jar;C:\Users\victo\.m2\repository\com\ethlo\time\itu\1.10.2\itu-1.10.2.jar;C:\Users\victo\.m2\repository\com\fasterxml\jackson\core\jackson-databind\2.17.1\jackson-databind-2.17.1.jar;C:\Users\victo\.m2\repository\com\fasterxml\jackson\core\jackson-annotations\2.17.1\jackson-annotations-2.17.1.jar;C:\Users\victo\.m2\repository\com\fasterxml\jackson\core\jackson-core\2.17.1\jackson-core-2.17.1.jar;C:\Users\victo\.m2\repository\com\fasterxml\jackson\dataformat\jackson-dataformat-yaml\2.17.1\jackson-dataformat-yaml-2.17.1.jar;C:\Users\victo\.m2\repository\org\yaml\snakeyaml\2.2\snakeyaml-2.2.jar;C:\Users\victo\.m2\repository\org\slf4j\slf4j-api\2.0.13\slf4j-api-2.0.13.jar;C:\Users\victo\.m2\repository\org\json\json\20240303\json-20240303.jar;C:\Users\victo\.m2\repository\com\google\code\gson\gson\2.11.0\gson-2.11.0.jar;C:\Users\victo\.m2\repository\com\google\errorprone\error_prone_annotations\2.27.0\error_prone_annotations-2.27.0.jar;C:\Users\victo\.m2\repository\org\projectlombok\lombok\1.18.34\lombok-1.18.34.jar;C:\Users\victo\AppData\Local\Programs\IntelliJ IDEA Ultimate\plugins\junit\lib\junit-rt.jar;C:\Users\victo\AppData\Roaming\JetBrains\IntelliJIdea2024.3\plugins\cucumber-java\lib\cucumber-jvmFormatter.jar;C:\Users\victo\AppData\Roaming\JetBrains\IntelliJIdea2024.3\plugins\cucumber-java\lib\cucumber-jvmFormatter5.jar;C:\Users\victo\AppData\Roaming\JetBrains\IntelliJIdea2024.3\plugins\cucumber-java\lib\cucumber-jvmFormatter4.jar;C:\Users\victo\AppData\Roaming\JetBrains\IntelliJIdea2024.3\plugins\cucumber-java\lib\cucumber-jvmFormatter3.jar
Launcher Type: SUN_STANDARD

[Global flags]
     intx CICompilerCount                          = 4                                         {product} {ergonomic}
     uint ConcGCThreads                            = 2                                         {product} {ergonomic}
     uint G1ConcRefinementThreads                  = 8                                         {product} {ergonomic}
   size_t G1HeapRegionSize                         = 2097152                                   {product} {ergonomic}
    uintx GCDrainStackTargetSize                   = 64                                        {product} {ergonomic}
   size_t InitialHeapSize                          = 264241152                                 {product} {ergonomic}
   size_t MarkStackSize                            = 4194304                                   {product} {ergonomic}
   size_t MaxHeapSize                              = 4223664128                                {product} {ergonomic}
   size_t MaxNewSize                               = 2533359616                                {product} {ergonomic}
   size_t MinHeapDeltaBytes                        = 2097152                                   {product} {ergonomic}
   size_t MinHeapSize                              = 8388608                                   {product} {ergonomic}
    uintx NonNMethodCodeHeapSize                   = 5839372                                {pd product} {ergonomic}
    uintx NonProfiledCodeHeapSize                  = 122909434                              {pd product} {ergonomic}
    uintx ProfiledCodeHeapSize                     = 122909434                              {pd product} {ergonomic}
    uintx ReservedCodeCacheSize                    = 251658240                              {pd product} {ergonomic}
     bool SegmentedCodeCache                       = true                                      {product} {ergonomic}
   size_t SoftMaxHeapSize                          = 4223664128                             {manageable} {ergonomic}
     bool UseCompressedOops                        = true                           {product lp64_product} {ergonomic}
     bool UseG1GC                                  = true                                      {product} {ergonomic}
     bool UseLargePagesIndividualAllocation        = false                                  {pd product} {ergonomic}

Logging:
Log output configuration:
 #0: stdout all=warning uptime,level,tags foldmultilines=false
 #1: stderr all=off uptime,level,tags foldmultilines=false

Environment Variables:
JAVA_HOME=C:\Program Files\Java\jdk-21
PATH=C:\Program Files\Java\jdk-21\bin;C:\Program Files\Common Files\Oracle\Java\javapath;C:\Program Files (x86)\Common Files\Oracle\Java\javapath;C:\ProgramData\Oracle\Java\javapath;C:\WINDOWS\system32;C:\WINDOWS;C:\WINDOWS\System32\Wbem;C:\WINDOWS\System32\WindowsPowerShell\v1.0\;C:\WINDOWS\System32\OpenSSH\;C:\Program Files\Git\cmd;C:\Python\Scripts\sphinx-build.exe;C:\apache-maven-3.9.9-bin\apache-maven-3.9.9\bin;C:\Program Files\Microsoft SQL Server\150\Tools\Binn\;C:\Program Files\mongosh-2.5.6-win32-x64\bin;C:\Program Files\Docker\Docker\resources\bin;C:\Program Files\PowerShell\7\;C:\yt-dlp;C:\ffmpeg\bin;C:\ytarchive;C:\Python\Python 3.13\Scripts\;C:\Python\Python 3.13\;C:\Users\victo\AppData\Local\Programs\Python\Python312\Scripts\;C:\Users\victo\AppData\Local\Programs\Python\Python312\;C:\Users\victo\AppData\Local\Microsoft\WindowsApps;C:\Users\victo\AppData\Local\Programs\Microsoft VS Code\bin;C:\Program Files\JetBrains\IntelliJ IDEA Community Edition 2023.3.5\bin;C:\Program Files\Git\bin;C:\yt-dlp\yt-dlp;C:\Python\Python 3.12\Scripts\;C:\Python\Python 3.12\;C:\Users\victo\AppData\Local\JetBrains\Toolbox\scripts
USERNAME=victo
OS=Windows_NT
PROCESSOR_IDENTIFIER=Intel64 Family 6 Model 140 Stepping 1, GenuineIntel
TMP=C:\Users\victo\AppData\Local\Temp
TEMP=C:\Users\victo\AppData\Local\Temp




Periodic native trim disabled

---------------  S Y S T E M  ---------------

OS:
 Windows 11 , 64 bit Build 22621 (10.0.22621.5415)
OS uptime: 14 days 13:51 hours
Hyper-V role detected

CPU: total 8 (initial active 8) (4 cores per cpu, 2 threads per core) family 6 model 140 stepping 1 microcode 0x8a, cx8, cmov, fxsr, ht, mmx, 3dnowpref, sse, sse2, sse3, ssse3, sse4.1, sse4.2, popcnt, lzcnt, tsc, tscinvbit, avx, avx2, aes, erms, clmul, bmi1, bmi2, adx, avx512f, avx512dq, avx512cd, avx512bw, avx512vl, sha, fma, vzeroupper, avx512_vpopcntdq, avx512_vpclmulqdq, avx512_vaes, avx512_vnni, clflush, clflushopt, clwb, avx512_vbmi2, avx512_vbmi, hv, rdtscp, rdpid, fsrm, gfni, avx512_bitalg, f16c, cet_ibt, cet_ss, avx512_ifma
Processor Information for all 8 processors :
  Max Mhz: 2419, Current Mhz: 2419, Mhz Limit: 2419

Memory: 4k page, system-wide physical 16107M (1232M free)
TotalPageFile size 44635M (AvailPageFile size 2M)
current process WorkingSet (physical memory assigned to process): 67M, peak: 67M
current process commit charge ("private bytes"): 349M, peak: 349M

vm_info: Java HotSpot(TM) 64-Bit Server VM (21.0.5+9-LTS-239) for windows-amd64 JRE (21.0.5+9-LTS-239), built on 2024-09-30T05:17:38Z by "mach5one" with MS VC++ 17.6 (VS2022)

END.
