#
# There is insufficient memory for the Java Runtime Environment to continue.
# Native memory allocation (mmap) failed to map 264241152 bytes for G1 virtual space
# Possible reasons:
#   The system is out of physical RAM or swap space
#   The process is running with CompressedOops enabled, and the Java Heap may be blocking the growth of the native heap
# Possible solutions:
#   Reduce memory load on the system
#   Increase physical memory or swap space
#   Check if swap backing store is full
#   Decrease Java heap size (-Xmx/-Xms)
#   Decrease number of Java threads
#   Decrease Java thread stack sizes (-Xss)
#   Set larger code cache with -XX:ReservedCodeCacheSize=
#   JVM is running with Zero Based Compressed Oops mode in which the Java heap is
#     placed in the first 32GB address space. The Java Heap base address is the
#     maximum limit for the native heap growth. Please use -XX:HeapBaseMinAddress
#     to set the Java Heap base and to place the Java Heap above 32GB virtual address.
# This output file may be truncated or incomplete.
#
#  Out of Memory Error (os_windows.cpp:3600), pid=25088, tid=11580
#
# JRE version:  (21.0.5+9) (build )
# Java VM: Java HotSpot(TM) 64-Bit Server VM (21.0.5+9-LTS-239, mixed mode, sharing, tiered, compressed oops, compressed class ptrs, g1 gc, windows-amd64)
# No core dump will be written. Minidumps are not enabled by default on client versions of Windows
#

---------------  S U M M A R Y ------------

Command Line: -Dorg.jetbrains.run.directory=C:\2.FIAP\INTELLIJ\micronectar-api-tests\src\test\resources\features -javaagent:C:\Users\victo\AppData\Local\Programs\IntelliJ IDEA Ultimate\lib\idea_rt.jar=59598:C:\Users\victo\AppData\Local\Programs\IntelliJ IDEA Ultimate\bin -Dfile.encoding=UTF-8 -Dsun.stdout.encoding=UTF-8 -Dsun.stderr.encoding=UTF-8 io.cucumber.core.cli.Main --plugin org.jetbrains.plugins.cucumber.java.run.CucumberJvm5SMFormatter --name ^Cadastro de microempreendedor bem\-sucedido$ --glue hooks --glue steps C:/2.FIAP/INTELLIJ/micronectar-api-tests/src/test/resources/features/CadastroUsuario.feature

Host: 11th Gen Intel(R) Core(TM) i5-1135G7 @ 2.40GHz, 8 cores, 15G,  Windows 11 , 64 bit Build 22621 (10.0.22621.5415)
Time: Mon Oct 20 22:38:29 2025 Hora oficial do Brasil elapsed time: 0.013709 seconds (0d 0h 0m 0s)

---------------  T H R E A D  ---------------

Current thread (0x0000012c766dac50):  JavaThread "Unknown thread" [_thread_in_vm, id=11580, stack(0x00000009f5700000,0x00000009f5800000) (1024K)]

Stack: [0x00000009f5700000,0x00000009f5800000]
Native frames: (J=compiled Java code, j=interpreted, Vv=VM code, C=native code)
V  [jvm.dll+0x6ca289]
V  [jvm.dll+0x854a51]
V  [jvm.dll+0x856f7e]
V  [jvm.dll+0x857653]
V  [jvm.dll+0x27dd26]
V  [jvm.dll+0x6c6a25]
V  [jvm.dll+0x6bb5aa]
V  [jvm.dll+0x35359a]
V  [jvm.dll+0x35b1f6]
V  [jvm.dll+0x3adade]
V  [jvm.dll+0x3add88]
V  [jvm.dll+0x3278fc]
V  [jvm.dll+0x32845b]
V  [jvm.dll+0x81de19]
V  [jvm.dll+0x3ba7c1]
V  [jvm.dll+0x807168]
V  [jvm.dll+0x44f96e]
V  [jvm.dll+0x451561]
C  [jli.dll+0x52a3]
C  [ucrtbase.dll+0x29333]
C  [KERNEL32.DLL+0x1259d]
C  [ntdll.dll+0x5af78]


---------------  P R O C E S S  ---------------

Threads class SMR info:
_java_thread_list=0x00007ffd7e95ac08, length=0, elements={
}

Java Threads: ( => current thread )
Total: 0

Other Threads:
  0x0000012c788c93d0 WorkerThread "GC Thread#0"                     [id=22536, stack(0x00000009f5800000,0x00000009f5900000) (1024K)]
  0x0000012c788db040 ConcurrentGCThread "G1 Main Marker"            [id=5840, stack(0x00000009f5900000,0x00000009f5a00000) (1024K)]
  0x0000012c788dc1f0 WorkerThread "G1 Conc#0"                       [id=5600, stack(0x00000009f5a00000,0x00000009f5b00000) (1024K)]

[error occurred during error reporting (printing all threads), id 0xc0000005, EXCEPTION_ACCESS_VIOLATION (0xc0000005) at pc=0x00007ffd7e0ca087]
VM state: not at safepoint (not fully initialized)

VM Mutex/Monitor currently owned by a thread:  ([mutex/lock_event])
[0x00007ffd7e9cbf98] Heap_lock - owner thread: 0x0000012c766dac50

Heap address: 0x0000000704400000, size: 4028 MB, Compressed Oops mode: Zero based, Oop shift amount: 3

CDS archive(s) mapped at: [0x0000000000000000-0x0000000000000000-0x0000000000000000), size 0, SharedBaseAddress: 0x0000000800000000, ArchiveRelocationMode: 1.
Narrow klass base: 0x0000000000000000, Narrow klass shift: 0, Narrow klass range: 0x0

GC Precious Log:
 CardTable entry size: 512
 Card Set container configuration: InlinePtr #cards 4 size 8 Array Of Cards #cards 16 size 48 Howl #buckets 8 coarsen threshold 3686 Howl Bitmap #cards 512 size 80 coarsen threshold 460 Card regions per heap region 1 cards per card region 4096

Heap:
 garbage-first heap   total 0K, used 0K [0x0000000704400000, 0x0000000800000000)
  region size 2048K, 0 young (0K), 0 survivors (0K)

[error occurred during error reporting (printing heap information), id 0xc0000005, EXCEPTION_ACCESS_VIOLATION (0xc0000005) at pc=0x00007ffd7e4b3259]
GC Heap History (0 events):
No events

Dll operation events (1 events):
Event: 0.010 Loaded shared library C:\Program Files\Java\jdk-21\bin\java.dll

Deoptimization events (0 events):
No events

Classes loaded (0 events):
No events

Classes unloaded (0 events):
No events

Classes redefined (0 events):
No events

Internal exceptions (0 events):
No events

ZGC Phase Switch (0 events):
No events

VM Operations (0 events):
No events

Events (0 events):
No events


Dynamic libraries:
0x00007ff638100000 - 0x00007ff638110000 	C:\Program Files\Java\jdk-21\bin\java.exe
0x00007ffe22b50000 - 0x00007ffe22d67000 	C:\WINDOWS\SYSTEM32\ntdll.dll
0x00007ffe21130000 - 0x00007ffe211f4000 	C:\WINDOWS\System32\KERNEL32.DLL
0x00007ffe20030000 - 0x00007ffe20402000 	C:\WINDOWS\System32\KERNELBASE.dll
0x00007ffe206c0000 - 0x00007ffe207d1000 	C:\WINDOWS\System32\ucrtbase.dll
0x00007ffe09330000 - 0x00007ffe09349000 	C:\Program Files\Java\jdk-21\bin\jli.dll
0x00007ffe0d1f0000 - 0x00007ffe0d20b000 	C:\Program Files\Java\jdk-21\bin\VCRUNTIME140.dll
0x00007ffe21070000 - 0x00007ffe21121000 	C:\WINDOWS\System32\ADVAPI32.dll
0x00007ffe20fc0000 - 0x00007ffe21067000 	C:\WINDOWS\System32\msvcrt.dll
0x00007ffe21200000 - 0x00007ffe212a8000 	C:\WINDOWS\System32\sechost.dll
0x00007ffe20690000 - 0x00007ffe206b8000 	C:\WINDOWS\System32\bcrypt.dll
0x00007ffe21ce0000 - 0x00007ffe21df4000 	C:\WINDOWS\System32\RPCRT4.dll
0x00007ffe21e00000 - 0x00007ffe21fb1000 	C:\WINDOWS\System32\USER32.dll
0x00007ffe1fdb0000 - 0x00007ffe1fdd6000 	C:\WINDOWS\System32\win32u.dll
0x00007ffdf2560000 - 0x00007ffdf27fb000 	C:\WINDOWS\WinSxS\amd64_microsoft.windows.common-controls_6595b64144ccf1df_6.0.22621.5547_none_27104afb73855772\COMCTL32.dll
0x00007ffe21c50000 - 0x00007ffe21c79000 	C:\WINDOWS\System32\GDI32.dll
0x00007ffe1ff00000 - 0x00007ffe20023000 	C:\WINDOWS\System32\gdi32full.dll
0x00007ffe1fe60000 - 0x00007ffe1fefa000 	C:\WINDOWS\System32\msvcp_win.dll
0x00007ffe181a0000 - 0x00007ffe181aa000 	C:\WINDOWS\SYSTEM32\VERSION.dll
0x00007ffe22ac0000 - 0x00007ffe22af1000 	C:\WINDOWS\System32\IMM32.DLL
0x00007ffe0d1e0000 - 0x00007ffe0d1ec000 	C:\Program Files\Java\jdk-21\bin\vcruntime140_1.dll
0x00007ffdfdcf0000 - 0x00007ffdfdd7e000 	C:\Program Files\Java\jdk-21\bin\msvcp140.dll
0x00007ffd7dd90000 - 0x00007ffd7eaa8000 	C:\Program Files\Java\jdk-21\bin\server\jvm.dll
0x00007ffe20eb0000 - 0x00007ffe20f21000 	C:\WINDOWS\System32\WS2_32.dll
0x00007ffe1ead0000 - 0x00007ffe1eb1d000 	C:\WINDOWS\SYSTEM32\POWRPROF.dll
0x00007ffe181f0000 - 0x00007ffe18224000 	C:\WINDOWS\SYSTEM32\WINMM.dll
0x00007ffe1ea70000 - 0x00007ffe1ea83000 	C:\WINDOWS\SYSTEM32\UMPDC.dll
0x00007ffe1ed30000 - 0x00007ffe1ed48000 	C:\WINDOWS\SYSTEM32\kernel.appcore.dll
0x00007ffe0d1b0000 - 0x00007ffe0d1ba000 	C:\Program Files\Java\jdk-21\bin\jimage.dll
0x00007ffe1a5c0000 - 0x00007ffe1a7f3000 	C:\WINDOWS\SYSTEM32\DBGHELP.DLL
0x00007ffe20830000 - 0x00007ffe20bc3000 	C:\WINDOWS\System32\combase.dll
0x00007ffe21b00000 - 0x00007ffe21bd7000 	C:\WINDOWS\System32\OLEAUT32.dll
0x00007ffe09860000 - 0x00007ffe09892000 	C:\WINDOWS\SYSTEM32\dbgcore.DLL
0x00007ffe1fde0000 - 0x00007ffe1fe5b000 	C:\WINDOWS\System32\bcryptPrimitives.dll
0x00007ffe09300000 - 0x00007ffe0930f000 	C:\Program Files\Java\jdk-21\bin\instrument.dll
0x00007ffe09310000 - 0x00007ffe0932f000 	C:\Program Files\Java\jdk-21\bin\java.dll

dbghelp: loaded successfully - version: 4.0.5 - missing functions: none
symbol engine: initialized successfully - sym options: 0x614 - pdb path: .;C:\Program Files\Java\jdk-21\bin;C:\WINDOWS\SYSTEM32;C:\WINDOWS\WinSxS\amd64_microsoft.windows.common-controls_6595b64144ccf1df_6.0.22621.5547_none_27104afb73855772;C:\Program Files\Java\jdk-21\bin\server

VM Arguments:
jvm_args: -Dorg.jetbrains.run.directory=C:\2.FIAP\INTELLIJ\micronectar-api-tests\src\test\resources\features -javaagent:C:\Users\victo\AppData\Local\Programs\IntelliJ IDEA Ultimate\lib\idea_rt.jar=59598:C:\Users\victo\AppData\Local\Programs\IntelliJ IDEA Ultimate\bin -Dfile.encoding=UTF-8 -Dsun.stdout.encoding=UTF-8 -Dsun.stderr.encoding=UTF-8 
java_command: io.cucumber.core.cli.Main --plugin org.jetbrains.plugins.cucumber.java.run.CucumberJvm5SMFormatter --name ^Cadastro de microempreendedor bem\-sucedido$ --glue hooks --glue steps C:/2.FIAP/INTELLIJ/micronectar-api-tests/src/test/resources/features/CadastroUsuario.feature
java_class_path (initial): C:\2.FIAP\INTELLIJ\micronectar-api-tests\target\test-classes;C:\2.FIAP\INTELLIJ\micronectar-api-tests\target\classes;C:\Users\victo\.m2\repository\io\cucumber\cucumber-java\7.18.1\cucumber-java-7.18.1.jar;C:\Users\victo\.m2\repository\io\cucumber\cucumber-core\7.18.1\cucumber-core-7.18.1.jar;C:\Users\victo\.m2\repository\io\cucumber\cucumber-gherkin\7.18.1\cucumber-gherkin-7.18.1.jar;C:\Users\victo\.m2\repository\io\cucumber\cucumber-gherkin-messages\7.18.1\cucumber-gherkin-messages-7.18.1.jar;C:\Users\victo\.m2\repository\io\cucumber\gherkin\28.0.0\gherkin-28.0.0.jar;C:\Users\victo\.m2\repository\io\cucumber\messages\24.1.0\messages-24.1.0.jar;C:\Users\victo\.m2\repository\io\cucumber\testng-xml-formatter\0.2.0\testng-xml-formatter-0.2.0.jar;C:\Users\victo\.m2\repository\io\cucumber\query\12.2.0\query-12.2.0.jar;C:\Users\victo\.m2\repository\io\cucumber\tag-expressions\6.1.0\tag-expressions-6.1.0.jar;C:\Users\victo\.m2\repository\io\cucumber\cucumber-expressions\17.1.0\cucumber-expressions-17.1.0.jar;C:\Users\victo\.m2\repository\io\cucumber\datatable\7.18.1\datatable-7.18.1.jar;C:\Users\victo\.m2\repository\io\cucumber\cucumber-plugin\7.18.1\cucumber-plugin-7.18.1.jar;C:\Users\victo\.m2\repository\io\cucumber\docstring\7.18.1\docstring-7.18.1.jar;C:\Users\victo\.m2\repository\io\cucumber\html-formatter\21.4.1\html-formatter-21.4.1.jar;C:\Users\victo\.m2\repository\io\cucumber\junit-xml-formatter\0.5.0\junit-xml-formatter-0.5.0.jar;C:\Users\victo\.m2\repository\io\cucumber\ci-environment\10.0.1\ci-environment-10.0.1.jar;C:\Users\victo\.m2\repository\org\apiguardian\apiguardian-api\1.1.2\apiguardian-api-1.1.2.jar;C:\Users\victo\.m2\repository\io\cucumber\cucumber-junit\7.18.1\cucumber-junit-7.18.1.jar;C:\Users\victo\.m2\repository\junit\junit\4.13.2\junit-4.13.2.jar;C:\Users\victo\.m2\repository\org\hamcrest\hamcrest-core\1.3\hamcrest-core-1.3.jar;C:\Users\victo\.m2\repository\io\rest-assured\rest-assured\5.5.0\rest-assured-5.5.0.jar;C:\Users\victo\.m2\repository\org\apache\groovy\groovy\4.0.22\groovy-4.0.22.jar;C:\Users\victo\.m2\repository\org\apache\groovy\groovy-xml\4.0.22\groovy-xml-4.0.22.jar;C:\Users\victo\.m2\repository\org\apache\httpcomponents\httpclient\4.5.13\httpclient-4.5.13.jar;C:\Users\victo\.m2\repository\org\apache\httpcomponents\httpcore\4.4.13\httpcore-4.4.13.jar;C:\Users\victo\.m2\repository\commons-logging\commons-logging\1.2\commons-logging-1.2.jar;C:\Users\victo\.m2\repository\commons-codec\commons-codec\1.11\commons-codec-1.11.jar;C:\Users\victo\.m2\repository\org\apache\httpcomponents\httpmime\4.5.13\httpmime-4.5.13.jar;C:\Users\victo\.m2\repository\org\hamcrest\hamcrest\2.2\hamcrest-2.2.jar;C:\Users\victo\.m2\repository\org\ccil\cowan\tagsoup\tagsoup\1.2.1\tagsoup-1.2.1.jar;C:\Users\victo\.m2\repository\io\rest-assured\json-path\5.5.0\json-path-5.5.0.jar;C:\Users\victo\.m2\repository\org\apache\groovy\groovy-json\4.0.22\groovy-json-4.0.22.jar;C:\Users\victo\.m2\repository\io\rest-assured\rest-assured-common\5.5.0\rest-assured-common-5.5.0.jar;C:\Users\victo\.m2\repository\io\rest-assured\xml-path\5.5.0\xml-path-5.5.0.jar;C:\Users\victo\.m2\repository\org\apache\commons\commons-lang3\3.11\commons-lang3-3.11.jar;C:\Users\victo\.m2\repository\com\networknt\json-schema-validator\1.5.1\json-schema-validator-1.5.1.jar;C:\Users\victo\.m2\repository\com\ethlo\time\itu\1.10.2\itu-1.10.2.jar;C:\Users\victo\.m2\repository\com\fasterxml\jackson\core\jackson-databind\2.17.1\jackson-databind-2.17.1.jar;C:\Users\victo\.m2\repository\com\fasterxml\jackson\core\jackson-annotations\2.17.1\jackson-annotations-2.17.1.jar;C:\Users\victo\.m2\repository\com\fasterxml\jackson\core\jackson-core\2.17.1\jackson-core-2.17.1.jar;C:\Users\victo\.m2\repository\com\fasterxml\jackson\dataformat\jackson-dataformat-yaml\2.17.1\jackson-dataformat-yaml-2.17.1.jar;C:\Users\victo\.m2\repository\org\yaml\snakeyaml\2.2\snakeyaml-2.2.jar;C:\Users\victo\.m2\repository\org\slf4j\slf4j-api\2.0.13\slf4j-api-2.0.13.jar;C:\Users\victo\.m2\repository\org\json\json\20240303\json-20240303.jar;C:\Users\victo\.m2\repository\com\google\code\gson\gson\2.11.0\gson-2.11.0.jar;C:\Users\victo\.m2\repository\com\google\errorprone\error_prone_annotations\2.27.0\error_prone_annotations-2.27.0.jar;C:\Users\victo\.m2\repository\org\projectlombok\lombok\1.18.34\lombok-1.18.34.jar;C:\Users\victo\AppData\Local\Programs\IntelliJ IDEA Ultimate\plugins\junit\lib\junit-rt.jar;C:\Users\victo\AppData\Roaming\JetBrains\IntelliJIdea2024.3\plugins\cucumber-java\lib\cucumber-jvmFormatter.jar;C:\Users\victo\AppData\Roaming\JetBrains\IntelliJIdea2024.3\plugins\cucumber-java\lib\cucumber-jvmFormatter5.jar;C:\Users\victo\AppData\Roaming\JetBrains\IntelliJIdea2024.3\plugins\cucumber-java\lib\cucumber-jvmFormatter4.jar;C:\Users\victo\AppData\Roaming\JetBrains\IntelliJIdea2024.3\plugins\cucumber-java\lib\cucumber-jvmFormatter3.jar
Launcher Type: SUN_STANDARD

[Global flags]
     intx CICompilerCount                          = 4                                         {product} {ergonomic}
     uint ConcGCThreads                            = 2                                         {product} {ergonomic}
     uint G1ConcRefinementThreads                  = 8                                         {product} {ergonomic}
   size_t G1HeapRegionSize                         = 2097152                                   {product} {ergonomic}
    uintx GCDrainStackTargetSize                   = 64                                        {product} {ergonomic}
   size_t InitialHeapSize                          = 264241152                                 {product} {ergonomic}
   size_t MarkStackSize                            = 4194304                                   {product} {ergonomic}
   size_t MaxHeapSize                              = 4223664128                                {product} {ergonomic}
   size_t MinHeapDeltaBytes                        = 2097152                                   {product} {ergonomic}
   size_t MinHeapSize                              = 8388608                                   {product} {ergonomic}
    uintx NonNMethodCodeHeapSize                   = 5839372                                {pd product} {ergonomic}
    uintx NonProfiledCodeHeapSize                  = 122909434                              {pd product} {ergonomic}
    uintx ProfiledCodeHeapSize                     = 122909434                              {pd product} {ergonomic}
    uintx ReservedCodeCacheSize                    = 251658240                              {pd product} {ergonomic}
     bool SegmentedCodeCache                       = true                                      {product} {ergonomic}
   size_t SoftMaxHeapSize                          = 4223664128                             {manageable} {ergonomic}
     bool UseCompressedOops                        = true                           {product lp64_product} {ergonomic}
     bool UseG1GC                                  = true                                      {product} {ergonomic}
     bool UseLargePagesIndividualAllocation        = false                                  {pd product} {ergonomic}

Logging:
Log output configuration:
 #0: stdout all=warning uptime,level,tags foldmultilines=false
 #1: stderr all=off uptime,level,tags foldmultilines=false

Environment Variables:
JAVA_HOME=C:\Program Files\Java\jdk-21
PATH=C:\Program Files\Java\jdk-21\bin;C:\Program Files\Common Files\Oracle\Java\javapath;C:\Program Files (x86)\Common Files\Oracle\Java\javapath;C:\ProgramData\Oracle\Java\javapath;C:\WINDOWS\system32;C:\WINDOWS;C:\WINDOWS\System32\Wbem;C:\WINDOWS\System32\WindowsPowerShell\v1.0\;C:\WINDOWS\System32\OpenSSH\;C:\Program Files\Git\cmd;C:\Python\Scripts\sphinx-build.exe;C:\apache-maven-3.9.9-bin\apache-maven-3.9.9\bin;C:\Program Files\Microsoft SQL Server\150\Tools\Binn\;C:\Program Files\mongosh-2.5.6-win32-x64\bin;C:\Program Files\Docker\Docker\resources\bin;C:\Program Files\PowerShell\7\;C:\yt-dlp;C:\ffmpeg\bin;C:\ytarchive;C:\Python\Python 3.13\Scripts\;C:\Python\Python 3.13\;C:\Users\victo\AppData\Local\Programs\Python\Python312\Scripts\;C:\Users\victo\AppData\Local\Programs\Python\Python312\;C:\Users\victo\AppData\Local\Microsoft\WindowsApps;C:\Users\victo\AppData\Local\Programs\Microsoft VS Code\bin;C:\Program Files\JetBrains\IntelliJ IDEA Community Edition 2023.3.5\bin;C:\Program Files\Git\bin;C:\yt-dlp\yt-dlp;C:\Python\Python 3.12\Scripts\;C:\Python\Python 3.12\;C:\Users\victo\AppData\Local\JetBrains\Toolbox\scripts
USERNAME=victo
OS=Windows_NT
PROCESSOR_IDENTIFIER=Intel64 Family 6 Model 140 Stepping 1, GenuineIntel
TMP=C:\Users\victo\AppData\Local\Temp
TEMP=C:\Users\victo\AppData\Local\Temp




Periodic native trim disabled

---------------  S Y S T E M  ---------------

OS:
 Windows 11 , 64 bit Build 22621 (10.0.22621.5415)
OS uptime: 14 days 13:47 hours
Hyper-V role detected

CPU: total 8 (initial active 8) (4 cores per cpu, 2 threads per core) family 6 model 140 stepping 1 microcode 0x8a, cx8, cmov, fxsr, ht, mmx, 3dnowpref, sse, sse2, sse3, ssse3, sse4.1, sse4.2, popcnt, lzcnt, tsc, tscinvbit, avx, avx2, aes, erms, clmul, bmi1, bmi2, adx, avx512f, avx512dq, avx512cd, avx512bw, avx512vl, sha, fma, vzeroupper, avx512_vpopcntdq, avx512_vpclmulqdq, avx512_vaes, avx512_vnni, clflush, clflushopt, clwb, avx512_vbmi2, avx512_vbmi, hv, rdtscp, rdpid, fsrm, gfni, avx512_bitalg, f16c, cet_ibt, cet_ss, avx512_ifma
Processor Information for all 8 processors :
  Max Mhz: 2419, Current Mhz: 2419, Mhz Limit: 2419

Memory: 4k page, system-wide physical 16107M (1239M free)
TotalPageFile size 44635M (AvailPageFile size 193M)
current process WorkingSet (physical memory assigned to process): 11M, peak: 11M
current process commit charge ("private bytes"): 60M, peak: 312M

vm_info: Java HotSpot(TM) 64-Bit Server VM (21.0.5+9-LTS-239) for windows-amd64 JRE (21.0.5+9-LTS-239), built on 2024-09-30T05:17:38Z by "mach5one" with MS VC++ 17.6 (VS2022)

END.
